CRITICAL - 2024-03-07 03:15:27 --> Invalid file: login.php
in SYSTEMPATH\Exceptions\FrameworkException.php on line 33.
 1 SYSTEMPATH\View\View.php(201): CodeIgniter\Exceptions\FrameworkException::forInvalidFile('login.php')
 2 SYSTEMPATH\Common.php(1142): CodeIgniter\View\View->render('login', [], true)
 3 APPPATH\Controllers\User.php(215): view('login')
 4 SYSTEMPATH\CodeIgniter.php(902): App\Controllers\User->login()
 5 SYSTEMPATH\CodeIgniter.php(457): CodeIgniter\CodeIgniter->runController(Object(App\Controllers\User))
 6 SYSTEMPATH\CodeIgniter.php(340): CodeIgniter\CodeIgniter->handleRequest(null, Object(Config\Cache), false)
 7 FCPATH\index.php(67): CodeIgniter\CodeIgniter->run()
CRITICAL - 2024-03-07 03:20:17 --> Invalid file: login.php
in SYSTEMPATH\Exceptions\FrameworkException.php on line 33.
 1 SYSTEMPATH\View\View.php(201): CodeIgniter\Exceptions\FrameworkException::forInvalidFile('login.php')
 2 SYSTEMPATH\Common.php(1142): CodeIgniter\View\View->render('login', [], true)
 3 APPPATH\Controllers\User.php(215): view('login')
 4 SYSTEMPATH\CodeIgniter.php(902): App\Controllers\User->Login()
 5 SYSTEMPATH\CodeIgniter.php(457): CodeIgniter\CodeIgniter->runController(Object(App\Controllers\User))
 6 SYSTEMPATH\CodeIgniter.php(340): CodeIgniter\CodeIgniter->handleRequest(null, Object(Config\Cache), false)
 7 FCPATH\index.php(67): CodeIgniter\CodeIgniter->run()
CRITICAL - 2024-03-07 03:20:23 --> Invalid file: login.php
in SYSTEMPATH\Exceptions\FrameworkException.php on line 33.
 1 SYSTEMPATH\View\View.php(201): CodeIgniter\Exceptions\FrameworkException::forInvalidFile('login.php')
 2 SYSTEMPATH\Common.php(1142): CodeIgniter\View\View->render('login', [], true)
 3 APPPATH\Controllers\User.php(215): view('login')
 4 SYSTEMPATH\CodeIgniter.php(902): App\Controllers\User->Login()
 5 SYSTEMPATH\CodeIgniter.php(457): CodeIgniter\CodeIgniter->runController(Object(App\Controllers\User))
 6 SYSTEMPATH\CodeIgniter.php(340): CodeIgniter\CodeIgniter->handleRequest(null, Object(Config\Cache), false)
 7 FCPATH\index.php(67): CodeIgniter\CodeIgniter->run()
CRITICAL - 2024-03-07 03:21:34 --> Invalid file: login.php
in SYSTEMPATH\Exceptions\FrameworkException.php on line 33.
 1 SYSTEMPATH\View\View.php(201): CodeIgniter\Exceptions\FrameworkException::forInvalidFile('login.php')
 2 SYSTEMPATH\Common.php(1142): CodeIgniter\View\View->render('login', [], true)
 3 APPPATH\Controllers\User.php(215): view('login')
 4 SYSTEMPATH\CodeIgniter.php(902): App\Controllers\User->Login()
 5 SYSTEMPATH\CodeIgniter.php(457): CodeIgniter\CodeIgniter->runController(Object(App\Controllers\User))
 6 SYSTEMPATH\CodeIgniter.php(340): CodeIgniter\CodeIgniter->handleRequest(null, Object(Config\Cache), false)
 7 FCPATH\index.php(67): CodeIgniter\CodeIgniter->run()
CRITICAL - 2024-03-07 03:21:35 --> Invalid file: login.php
in SYSTEMPATH\Exceptions\FrameworkException.php on line 33.
 1 SYSTEMPATH\View\View.php(201): CodeIgniter\Exceptions\FrameworkException::forInvalidFile('login.php')
 2 SYSTEMPATH\Common.php(1142): CodeIgniter\View\View->render('login', [], true)
 3 APPPATH\Controllers\User.php(215): view('login')
 4 SYSTEMPATH\CodeIgniter.php(902): App\Controllers\User->Login()
 5 SYSTEMPATH\CodeIgniter.php(457): CodeIgniter\CodeIgniter->runController(Object(App\Controllers\User))
 6 SYSTEMPATH\CodeIgniter.php(340): CodeIgniter\CodeIgniter->handleRequest(null, Object(Config\Cache), false)
 7 FCPATH\index.php(67): CodeIgniter\CodeIgniter->run()
CRITICAL - 2024-03-07 03:21:48 --> Invalid file: login.php
in SYSTEMPATH\Exceptions\FrameworkException.php on line 33.
 1 SYSTEMPATH\View\View.php(201): CodeIgniter\Exceptions\FrameworkException::forInvalidFile('login.php')
 2 SYSTEMPATH\Common.php(1142): CodeIgniter\View\View->render('login', [], true)
 3 APPPATH\Controllers\User.php(215): view('login')
 4 SYSTEMPATH\CodeIgniter.php(902): App\Controllers\User->Login()
 5 SYSTEMPATH\CodeIgniter.php(457): CodeIgniter\CodeIgniter->runController(Object(App\Controllers\User))
 6 SYSTEMPATH\CodeIgniter.php(340): CodeIgniter\CodeIgniter->handleRequest(null, Object(Config\Cache), false)
 7 FCPATH\index.php(67): CodeIgniter\CodeIgniter->run()
CRITICAL - 2024-03-07 03:24:55 --> Invalid file: Login.php
in SYSTEMPATH\Exceptions\FrameworkException.php on line 33.
 1 SYSTEMPATH\View\View.php(201): CodeIgniter\Exceptions\FrameworkException::forInvalidFile('Login.php')
 2 SYSTEMPATH\Common.php(1142): CodeIgniter\View\View->render('Login', [], true)
 3 APPPATH\Controllers\User.php(215): view('Login')
 4 SYSTEMPATH\CodeIgniter.php(902): App\Controllers\User->Login()
 5 SYSTEMPATH\CodeIgniter.php(457): CodeIgniter\CodeIgniter->runController(Object(App\Controllers\User))
 6 SYSTEMPATH\CodeIgniter.php(340): CodeIgniter\CodeIgniter->handleRequest(null, Object(Config\Cache), false)
 7 FCPATH\index.php(67): CodeIgniter\CodeIgniter->run()
CRITICAL - 2024-03-07 03:24:55 --> Invalid file: Login.php
in SYSTEMPATH\Exceptions\FrameworkException.php on line 33.
 1 SYSTEMPATH\View\View.php(201): CodeIgniter\Exceptions\FrameworkException::forInvalidFile('Login.php')
 2 SYSTEMPATH\Common.php(1142): CodeIgniter\View\View->render('Login', [], true)
 3 APPPATH\Controllers\User.php(215): view('Login')
 4 SYSTEMPATH\CodeIgniter.php(902): App\Controllers\User->Login()
 5 SYSTEMPATH\CodeIgniter.php(457): CodeIgniter\CodeIgniter->runController(Object(App\Controllers\User))
 6 SYSTEMPATH\CodeIgniter.php(340): CodeIgniter\CodeIgniter->handleRequest(null, Object(Config\Cache), false)
 7 FCPATH\index.php(67): CodeIgniter\CodeIgniter->run()
CRITICAL - 2024-03-07 03:24:56 --> Invalid file: Login.php
in SYSTEMPATH\Exceptions\FrameworkException.php on line 33.
 1 SYSTEMPATH\View\View.php(201): CodeIgniter\Exceptions\FrameworkException::forInvalidFile('Login.php')
 2 SYSTEMPATH\Common.php(1142): CodeIgniter\View\View->render('Login', [], true)
 3 APPPATH\Controllers\User.php(215): view('Login')
 4 SYSTEMPATH\CodeIgniter.php(902): App\Controllers\User->Login()
 5 SYSTEMPATH\CodeIgniter.php(457): CodeIgniter\CodeIgniter->runController(Object(App\Controllers\User))
 6 SYSTEMPATH\CodeIgniter.php(340): CodeIgniter\CodeIgniter->handleRequest(null, Object(Config\Cache), false)
 7 FCPATH\index.php(67): CodeIgniter\CodeIgniter->run()
CRITICAL - 2024-03-07 04:21:34 --> Undefined array key "nama_jalan"
in APPPATH\Views\infotoko\v_detail.php on line 36.
 1 APPPATH\Views\infotoko\v_detail.php(36): CodeIgniter\Debug\Exceptions->errorHandler(2, 'Undefined array key "nama_jalan"', 'APPPATH\\Views\\infotoko\\v_detail.php', 36)
 2 SYSTEMPATH\View\View.php(213): include('APPPATH\\Views\\infotoko\\v_detail.php')
 3 SYSTEMPATH\View\View.php(216): CodeIgniter\View\View->CodeIgniter\View\{closure}()
 4 SYSTEMPATH\Common.php(1142): CodeIgniter\View\View->render('infotoko/v_detail', [], true)
 5 APPPATH\Views\v_template_back_end.php(208): view('infotoko/v_detail')
 6 SYSTEMPATH\View\View.php(213): include('APPPATH\\Views\\v_template_back_end.php')
 7 SYSTEMPATH\View\View.php(216): CodeIgniter\View\View->CodeIgniter\View\{closure}()
 8 SYSTEMPATH\Common.php(1142): CodeIgniter\View\View->render('v_template_back_end', [], true)
 9 APPPATH\Controllers\InfoToko.php(277): view('v_template_back_end', [...])
10 SYSTEMPATH\CodeIgniter.php(902): App\Controllers\InfoToko->Detail('11')
11 SYSTEMPATH\CodeIgniter.php(457): CodeIgniter\CodeIgniter->runController(Object(App\Controllers\InfoToko))
12 SYSTEMPATH\CodeIgniter.php(340): CodeIgniter\CodeIgniter->handleRequest(null, Object(Config\Cache), false)
13 FCPATH\index.php(67): CodeIgniter\CodeIgniter->run()
