CRITICAL - 2024-05-23 00:16:46 --> session_start(): Failed to decode session object. Session has been destroyed
in SYSTEMPATH\Session\Session.php on line 920.
 1 [internal function]: CodeIgniter\Debug\Exceptions->errorHandler(2, 'session_start(): Failed to decode session object. Session has been destroyed', 'SYSTEMPATH\\Session\\Session.php', 920)
 2 SYSTEMPATH\Session\Session.php(920): session_start()
 3 SYSTEMPATH\Session\Session.php(242): CodeIgniter\Session\Session->startSession()
 4 SYSTEMPATH\Config\Services.php(665): CodeIgniter\Session\Session->start()
 5 SYSTEMPATH\Config\BaseService.php(253): CodeIgniter\Config\Services::session(Object(Config\App), false)
 6 SYSTEMPATH\Config\BaseService.php(194): CodeIgniter\Config\BaseService::__callStatic('session', [...])
 7 SYSTEMPATH\Config\Services.php(637): CodeIgniter\Config\BaseService::getSharedInstance('session', null)
 8 SYSTEMPATH\Config\BaseService.php(253): CodeIgniter\Config\Services::session()
 9 SYSTEMPATH\Common.php(939): CodeIgniter\Config\BaseService::__callStatic('session', [])
10 VENDORPATH\myth\auth\src\Authentication\AuthenticationBase.php(128): session('logged_in')
11 VENDORPATH\myth\auth\src\Authentication\LocalAuthenticator.php(67): Myth\Auth\Authentication\AuthenticationBase->isLoggedIn()
12 VENDORPATH\myth\auth\src\Filters\LoginFilter.php(29): Myth\Auth\Authentication\LocalAuthenticator->check()
13 SYSTEMPATH\Filters\Filters.php(173): Myth\Auth\Filters\LoginFilter->before(Object(CodeIgniter\HTTP\IncomingRequest), null)
14 SYSTEMPATH\CodeIgniter.php(431): CodeIgniter\Filters\Filters->run('C:\\', 'before')
15 SYSTEMPATH\CodeIgniter.php(340): CodeIgniter\CodeIgniter->handleRequest(null, Object(Config\Cache), false)
16 FCPATH\index.php(67): CodeIgniter\CodeIgniter->run()
17 SYSTEMPATH\Commands\Server\rewrite.php(46): require_once('FCPATH\\index.php')
CRITICAL - 2024-05-23 00:18:03 --> Undefined variable $web
in APPPATH\Views\v_template_back_end.php on line 8.
 1 APPPATH\Views\v_template_back_end.php(8): CodeIgniter\Debug\Exceptions->errorHandler(2, 'Undefined variable $web', 'APPPATH\\Views\\v_template_back_end.php', 8)
 2 SYSTEMPATH\View\View.php(213): include('APPPATH\\Views\\v_template_back_end.php')
 3 SYSTEMPATH\View\View.php(216): CodeIgniter\View\View->CodeIgniter\View\{closure}()
 4 SYSTEMPATH\Common.php(1142): CodeIgniter\View\View->render('v_template_back_end', [], true)
 5 APPPATH\Controllers\Admin.php(30): view('v_template_back_end', [...])
 6 SYSTEMPATH\CodeIgniter.php(902): App\Controllers\Admin->index()
 7 SYSTEMPATH\CodeIgniter.php(457): CodeIgniter\CodeIgniter->runController(Object(App\Controllers\Admin))
 8 SYSTEMPATH\CodeIgniter.php(340): CodeIgniter\CodeIgniter->handleRequest(null, Object(Config\Cache), false)
 9 FCPATH\index.php(67): CodeIgniter\CodeIgniter->run()
10 SYSTEMPATH\Commands\Server\rewrite.php(46): require_once('FCPATH\\index.php')
CRITICAL - 2024-05-23 00:18:53 --> Undefined variable $web
in APPPATH\Views\v_template_back_end.php on line 8.
 1 APPPATH\Views\v_template_back_end.php(8): CodeIgniter\Debug\Exceptions->errorHandler(2, 'Undefined variable $web', 'APPPATH\\Views\\v_template_back_end.php', 8)
 2 SYSTEMPATH\View\View.php(213): include('APPPATH\\Views\\v_template_back_end.php')
 3 SYSTEMPATH\View\View.php(216): CodeIgniter\View\View->CodeIgniter\View\{closure}()
 4 SYSTEMPATH\Common.php(1142): CodeIgniter\View\View->render('v_template_back_end', [], true)
 5 APPPATH\Controllers\Admin.php(30): view('v_template_back_end', [...])
 6 SYSTEMPATH\CodeIgniter.php(902): App\Controllers\Admin->index()
 7 SYSTEMPATH\CodeIgniter.php(457): CodeIgniter\CodeIgniter->runController(Object(App\Controllers\Admin))
 8 SYSTEMPATH\CodeIgniter.php(340): CodeIgniter\CodeIgniter->handleRequest(null, Object(Config\Cache), false)
 9 FCPATH\index.php(67): CodeIgniter\CodeIgniter->run()
10 SYSTEMPATH\Commands\Server\rewrite.php(46): require_once('FCPATH\\index.php')
CRITICAL - 2024-05-23 00:23:59 --> Undefined variable $web
in APPPATH\Views\v_template_back_end.php on line 8.
 1 APPPATH\Views\v_template_back_end.php(8): CodeIgniter\Debug\Exceptions->errorHandler(2, 'Undefined variable $web', 'APPPATH\\Views\\v_template_back_end.php', 8)
 2 SYSTEMPATH\View\View.php(213): include('APPPATH\\Views\\v_template_back_end.php')
 3 SYSTEMPATH\View\View.php(216): CodeIgniter\View\View->CodeIgniter\View\{closure}()
 4 SYSTEMPATH\Common.php(1142): CodeIgniter\View\View->render('v_template_back_end', [], true)
 5 APPPATH\Controllers\Admin.php(30): view('v_template_back_end', [...])
 6 SYSTEMPATH\CodeIgniter.php(902): App\Controllers\Admin->index()
 7 SYSTEMPATH\CodeIgniter.php(457): CodeIgniter\CodeIgniter->runController(Object(App\Controllers\Admin))
 8 SYSTEMPATH\CodeIgniter.php(340): CodeIgniter\CodeIgniter->handleRequest(null, Object(Config\Cache), false)
 9 FCPATH\index.php(67): CodeIgniter\CodeIgniter->run()
10 SYSTEMPATH\Commands\Server\rewrite.php(46): require_once('FCPATH\\index.php')
CRITICAL - 2024-05-23 00:27:58 --> Undefined variable $web
in APPPATH\Views\v_template_back_end.php on line 8.
 1 APPPATH\Views\v_template_back_end.php(8): CodeIgniter\Debug\Exceptions->errorHandler(2, 'Undefined variable $web', 'APPPATH\\Views\\v_template_back_end.php', 8)
 2 SYSTEMPATH\View\View.php(213): include('APPPATH\\Views\\v_template_back_end.php')
 3 SYSTEMPATH\View\View.php(216): CodeIgniter\View\View->CodeIgniter\View\{closure}()
 4 SYSTEMPATH\Common.php(1142): CodeIgniter\View\View->render('v_template_back_end', [], true)
 5 APPPATH\Controllers\Admin.php(30): view('v_template_back_end', [...])
 6 SYSTEMPATH\CodeIgniter.php(902): App\Controllers\Admin->index()
 7 SYSTEMPATH\CodeIgniter.php(457): CodeIgniter\CodeIgniter->runController(Object(App\Controllers\Admin))
 8 SYSTEMPATH\CodeIgniter.php(340): CodeIgniter\CodeIgniter->handleRequest(null, Object(Config\Cache), false)
 9 FCPATH\index.php(67): CodeIgniter\CodeIgniter->run()
10 SYSTEMPATH\Commands\Server\rewrite.php(46): require_once('FCPATH\\index.php')
CRITICAL - 2024-05-23 00:29:14 --> Undefined variable $web
in APPPATH\Views\v_template_back_end.php on line 8.
 1 APPPATH\Views\v_template_back_end.php(8): CodeIgniter\Debug\Exceptions->errorHandler(2, 'Undefined variable $web', 'APPPATH\\Views\\v_template_back_end.php', 8)
 2 SYSTEMPATH\View\View.php(213): include('APPPATH\\Views\\v_template_back_end.php')
 3 SYSTEMPATH\View\View.php(216): CodeIgniter\View\View->CodeIgniter\View\{closure}()
 4 SYSTEMPATH\Common.php(1142): CodeIgniter\View\View->render('v_template_back_end', [], true)
 5 APPPATH\Controllers\Admin.php(30): view('v_template_back_end', [...])
 6 SYSTEMPATH\CodeIgniter.php(902): App\Controllers\Admin->index()
 7 SYSTEMPATH\CodeIgniter.php(457): CodeIgniter\CodeIgniter->runController(Object(App\Controllers\Admin))
 8 SYSTEMPATH\CodeIgniter.php(340): CodeIgniter\CodeIgniter->handleRequest(null, Object(Config\Cache), false)
 9 FCPATH\index.php(67): CodeIgniter\CodeIgniter->run()
10 SYSTEMPATH\Commands\Server\rewrite.php(46): require_once('FCPATH\\index.php')
CRITICAL - 2024-05-23 00:30:49 --> Undefined variable $web
in APPPATH\Views\v_template_back_end.php on line 8.
 1 APPPATH\Views\v_template_back_end.php(8): CodeIgniter\Debug\Exceptions->errorHandler(2, 'Undefined variable $web', 'APPPATH\\Views\\v_template_back_end.php', 8)
 2 SYSTEMPATH\View\View.php(213): include('APPPATH\\Views\\v_template_back_end.php')
 3 SYSTEMPATH\View\View.php(216): CodeIgniter\View\View->CodeIgniter\View\{closure}()
 4 SYSTEMPATH\Common.php(1142): CodeIgniter\View\View->render('v_template_back_end', [], true)
 5 APPPATH\Controllers\Admin.php(30): view('v_template_back_end', [...])
 6 SYSTEMPATH\CodeIgniter.php(902): App\Controllers\Admin->index()
 7 SYSTEMPATH\CodeIgniter.php(457): CodeIgniter\CodeIgniter->runController(Object(App\Controllers\Admin))
 8 SYSTEMPATH\CodeIgniter.php(340): CodeIgniter\CodeIgniter->handleRequest(null, Object(Config\Cache), false)
 9 FCPATH\index.php(67): CodeIgniter\CodeIgniter->run()
10 SYSTEMPATH\Commands\Server\rewrite.php(46): require_once('FCPATH\\index.php')
CRITICAL - 2024-05-23 00:31:01 --> Undefined variable $web
in APPPATH\Views\v_template_back_end.php on line 8.
 1 APPPATH\Views\v_template_back_end.php(8): CodeIgniter\Debug\Exceptions->errorHandler(2, 'Undefined variable $web', 'APPPATH\\Views\\v_template_back_end.php', 8)
 2 SYSTEMPATH\View\View.php(213): include('APPPATH\\Views\\v_template_back_end.php')
 3 SYSTEMPATH\View\View.php(216): CodeIgniter\View\View->CodeIgniter\View\{closure}()
 4 SYSTEMPATH\Common.php(1142): CodeIgniter\View\View->render('v_template_back_end', [], true)
 5 APPPATH\Controllers\Admin.php(30): view('v_template_back_end', [...])
 6 SYSTEMPATH\CodeIgniter.php(902): App\Controllers\Admin->index()
 7 SYSTEMPATH\CodeIgniter.php(457): CodeIgniter\CodeIgniter->runController(Object(App\Controllers\Admin))
 8 SYSTEMPATH\CodeIgniter.php(340): CodeIgniter\CodeIgniter->handleRequest(null, Object(Config\Cache), false)
 9 FCPATH\index.php(67): CodeIgniter\CodeIgniter->run()
10 SYSTEMPATH\Commands\Server\rewrite.php(46): require_once('FCPATH\\index.php')
CRITICAL - 2024-05-23 00:36:12 --> Undefined variable $web
in APPPATH\Views\v_template_back_end.php on line 278.
 1 APPPATH\Views\v_template_back_end.php(278): CodeIgniter\Debug\Exceptions->errorHandler(2, 'Undefined variable $web', 'APPPATH\\Views\\v_template_back_end.php', 278)
 2 SYSTEMPATH\View\View.php(213): include('APPPATH\\Views\\v_template_back_end.php')
 3 SYSTEMPATH\View\View.php(216): CodeIgniter\View\View->CodeIgniter\View\{closure}()
 4 SYSTEMPATH\Common.php(1142): CodeIgniter\View\View->render('v_template_back_end', [], true)
 5 APPPATH\Controllers\Admin.php(30): view('v_template_back_end', [...])
 6 SYSTEMPATH\CodeIgniter.php(902): App\Controllers\Admin->index()
 7 SYSTEMPATH\CodeIgniter.php(457): CodeIgniter\CodeIgniter->runController(Object(App\Controllers\Admin))
 8 SYSTEMPATH\CodeIgniter.php(340): CodeIgniter\CodeIgniter->handleRequest(null, Object(Config\Cache), false)
 9 FCPATH\index.php(67): CodeIgniter\CodeIgniter->run()
10 SYSTEMPATH\Commands\Server\rewrite.php(46): require_once('FCPATH\\index.php')
CRITICAL - 2024-05-23 00:36:32 --> Undefined variable $web
in APPPATH\Views\v_template_back_end.php on line 278.
 1 APPPATH\Views\v_template_back_end.php(278): CodeIgniter\Debug\Exceptions->errorHandler(2, 'Undefined variable $web', 'APPPATH\\Views\\v_template_back_end.php', 278)
 2 SYSTEMPATH\View\View.php(213): include('APPPATH\\Views\\v_template_back_end.php')
 3 SYSTEMPATH\View\View.php(216): CodeIgniter\View\View->CodeIgniter\View\{closure}()
 4 SYSTEMPATH\Common.php(1142): CodeIgniter\View\View->render('v_template_back_end', [], true)
 5 APPPATH\Controllers\Admin.php(30): view('v_template_back_end', [...])
 6 SYSTEMPATH\CodeIgniter.php(902): App\Controllers\Admin->index()
 7 SYSTEMPATH\CodeIgniter.php(457): CodeIgniter\CodeIgniter->runController(Object(App\Controllers\Admin))
 8 SYSTEMPATH\CodeIgniter.php(340): CodeIgniter\CodeIgniter->handleRequest(null, Object(Config\Cache), false)
 9 FCPATH\index.php(67): CodeIgniter\CodeIgniter->run()
10 SYSTEMPATH\Commands\Server\rewrite.php(46): require_once('FCPATH\\index.php')
CRITICAL - 2024-05-23 00:40:54 --> Undefined variable $web
in APPPATH\Views\v_template_back_end.php on line 278.
 1 APPPATH\Views\v_template_back_end.php(278): CodeIgniter\Debug\Exceptions->errorHandler(2, 'Undefined variable $web', 'APPPATH\\Views\\v_template_back_end.php', 278)
 2 SYSTEMPATH\View\View.php(213): include('APPPATH\\Views\\v_template_back_end.php')
 3 SYSTEMPATH\View\View.php(216): CodeIgniter\View\View->CodeIgniter\View\{closure}()
 4 SYSTEMPATH\Common.php(1142): CodeIgniter\View\View->render('v_template_back_end', [], true)
 5 APPPATH\Controllers\Admin.php(30): view('v_template_back_end', [...])
 6 SYSTEMPATH\CodeIgniter.php(902): App\Controllers\Admin->index()
 7 SYSTEMPATH\CodeIgniter.php(457): CodeIgniter\CodeIgniter->runController(Object(App\Controllers\Admin))
 8 SYSTEMPATH\CodeIgniter.php(340): CodeIgniter\CodeIgniter->handleRequest(null, Object(Config\Cache), false)
 9 FCPATH\index.php(67): CodeIgniter\CodeIgniter->run()
10 SYSTEMPATH\Commands\Server\rewrite.php(46): require_once('FCPATH\\index.php')
CRITICAL - 2024-05-23 00:43:23 --> Undefined variable $web
in APPPATH\Views\v_template_back_end.php on line 283.
 1 APPPATH\Views\v_template_back_end.php(283): CodeIgniter\Debug\Exceptions->errorHandler(2, 'Undefined variable $web', 'APPPATH\\Views\\v_template_back_end.php', 283)
 2 SYSTEMPATH\View\View.php(213): include('APPPATH\\Views\\v_template_back_end.php')
 3 SYSTEMPATH\View\View.php(216): CodeIgniter\View\View->CodeIgniter\View\{closure}()
 4 SYSTEMPATH\Common.php(1142): CodeIgniter\View\View->render('v_template_back_end', [], true)
 5 APPPATH\Controllers\Admin.php(30): view('v_template_back_end', [...])
 6 SYSTEMPATH\CodeIgniter.php(902): App\Controllers\Admin->index()
 7 SYSTEMPATH\CodeIgniter.php(457): CodeIgniter\CodeIgniter->runController(Object(App\Controllers\Admin))
 8 SYSTEMPATH\CodeIgniter.php(340): CodeIgniter\CodeIgniter->handleRequest(null, Object(Config\Cache), false)
 9 FCPATH\index.php(67): CodeIgniter\CodeIgniter->run()
10 SYSTEMPATH\Commands\Server\rewrite.php(46): require_once('FCPATH\\index.php')
CRITICAL - 2024-05-23 00:44:16 --> Undefined variable $web
in APPPATH\Views\v_template_back_end.php on line 283.
 1 APPPATH\Views\v_template_back_end.php(283): CodeIgniter\Debug\Exceptions->errorHandler(2, 'Undefined variable $web', 'APPPATH\\Views\\v_template_back_end.php', 283)
 2 SYSTEMPATH\View\View.php(213): include('APPPATH\\Views\\v_template_back_end.php')
 3 SYSTEMPATH\View\View.php(216): CodeIgniter\View\View->CodeIgniter\View\{closure}()
 4 SYSTEMPATH\Common.php(1142): CodeIgniter\View\View->render('v_template_back_end', [], true)
 5 APPPATH\Controllers\Admin.php(30): view('v_template_back_end', [...])
 6 SYSTEMPATH\CodeIgniter.php(902): App\Controllers\Admin->index()
 7 SYSTEMPATH\CodeIgniter.php(457): CodeIgniter\CodeIgniter->runController(Object(App\Controllers\Admin))
 8 SYSTEMPATH\CodeIgniter.php(340): CodeIgniter\CodeIgniter->handleRequest(null, Object(Config\Cache), false)
 9 FCPATH\index.php(67): CodeIgniter\CodeIgniter->run()
10 SYSTEMPATH\Commands\Server\rewrite.php(46): require_once('FCPATH\\index.php')
CRITICAL - 2024-05-23 00:51:26 --> Undefined variable $web
in APPPATH\Views\v_template_back_end.php on line 8.
 1 APPPATH\Views\v_template_back_end.php(8): CodeIgniter\Debug\Exceptions->errorHandler(2, 'Undefined variable $web', 'APPPATH\\Views\\v_template_back_end.php', 8)
 2 SYSTEMPATH\View\View.php(213): include('APPPATH\\Views\\v_template_back_end.php')
 3 SYSTEMPATH\View\View.php(216): CodeIgniter\View\View->CodeIgniter\View\{closure}()
 4 SYSTEMPATH\Common.php(1142): CodeIgniter\View\View->render('v_template_back_end', [], true)
 5 APPPATH\Controllers\User.php(24): view('v_template_back_end', [...])
 6 SYSTEMPATH\CodeIgniter.php(902): App\Controllers\User->index()
 7 SYSTEMPATH\CodeIgniter.php(457): CodeIgniter\CodeIgniter->runController(Object(App\Controllers\User))
 8 SYSTEMPATH\CodeIgniter.php(340): CodeIgniter\CodeIgniter->handleRequest(null, Object(Config\Cache), false)
 9 FCPATH\index.php(67): CodeIgniter\CodeIgniter->run()
10 SYSTEMPATH\Commands\Server\rewrite.php(46): require_once('FCPATH\\index.php')
CRITICAL - 2024-05-23 00:52:14 --> Undefined variable $web
in APPPATH\Views\v_template_back_end.php on line 8.
 1 APPPATH\Views\v_template_back_end.php(8): CodeIgniter\Debug\Exceptions->errorHandler(2, 'Undefined variable $web', 'APPPATH\\Views\\v_template_back_end.php', 8)
 2 SYSTEMPATH\View\View.php(213): include('APPPATH\\Views\\v_template_back_end.php')
 3 SYSTEMPATH\View\View.php(216): CodeIgniter\View\View->CodeIgniter\View\{closure}()
 4 SYSTEMPATH\Common.php(1142): CodeIgniter\View\View->render('v_template_back_end', [], true)
 5 APPPATH\Controllers\Wilayah.php(38): view('v_template_back_end', [...])
 6 SYSTEMPATH\CodeIgniter.php(902): App\Controllers\Wilayah->Input()
 7 SYSTEMPATH\CodeIgniter.php(457): CodeIgniter\CodeIgniter->runController(Object(App\Controllers\Wilayah))
 8 SYSTEMPATH\CodeIgniter.php(340): CodeIgniter\CodeIgniter->handleRequest(null, Object(Config\Cache), false)
 9 FCPATH\index.php(67): CodeIgniter\CodeIgniter->run()
10 SYSTEMPATH\Commands\Server\rewrite.php(46): require_once('FCPATH\\index.php')
CRITICAL - 2024-05-23 00:52:58 --> Undefined variable $web
in APPPATH\Views\v_template_back_end.php on line 8.
 1 APPPATH\Views\v_template_back_end.php(8): CodeIgniter\Debug\Exceptions->errorHandler(2, 'Undefined variable $web', 'APPPATH\\Views\\v_template_back_end.php', 8)
 2 SYSTEMPATH\View\View.php(213): include('APPPATH\\Views\\v_template_back_end.php')
 3 SYSTEMPATH\View\View.php(216): CodeIgniter\View\View->CodeIgniter\View\{closure}()
 4 SYSTEMPATH\Common.php(1142): CodeIgniter\View\View->render('v_template_back_end', [], true)
 5 APPPATH\Controllers\InfoToko.php(33): view('v_template_back_end', [...])
 6 SYSTEMPATH\CodeIgniter.php(902): App\Controllers\InfoToko->index()
 7 SYSTEMPATH\CodeIgniter.php(457): CodeIgniter\CodeIgniter->runController(Object(App\Controllers\InfoToko))
 8 SYSTEMPATH\CodeIgniter.php(340): CodeIgniter\CodeIgniter->handleRequest(null, Object(Config\Cache), false)
 9 FCPATH\index.php(67): CodeIgniter\CodeIgniter->run()
10 SYSTEMPATH\Commands\Server\rewrite.php(46): require_once('FCPATH\\index.php')
CRITICAL - 2024-05-23 00:53:06 --> Undefined variable $web
in APPPATH\Views\v_template_back_end.php on line 8.
 1 APPPATH\Views\v_template_back_end.php(8): CodeIgniter\Debug\Exceptions->errorHandler(2, 'Undefined variable $web', 'APPPATH\\Views\\v_template_back_end.php', 8)
 2 SYSTEMPATH\View\View.php(213): include('APPPATH\\Views\\v_template_back_end.php')
 3 SYSTEMPATH\View\View.php(216): CodeIgniter\View\View->CodeIgniter\View\{closure}()
 4 SYSTEMPATH\Common.php(1142): CodeIgniter\View\View->render('v_template_back_end', [], true)
 5 APPPATH\Controllers\Toko.php(25): view('v_template_back_end', [...])
 6 SYSTEMPATH\CodeIgniter.php(902): App\Controllers\Toko->index()
 7 SYSTEMPATH\CodeIgniter.php(457): CodeIgniter\CodeIgniter->runController(Object(App\Controllers\Toko))
 8 SYSTEMPATH\CodeIgniter.php(340): CodeIgniter\CodeIgniter->handleRequest(null, Object(Config\Cache), false)
 9 FCPATH\index.php(67): CodeIgniter\CodeIgniter->run()
10 SYSTEMPATH\Commands\Server\rewrite.php(46): require_once('FCPATH\\index.php')
CRITICAL - 2024-05-23 00:53:19 --> Undefined variable $web
in APPPATH\Views\v_template_back_end.php on line 8.
 1 APPPATH\Views\v_template_back_end.php(8): CodeIgniter\Debug\Exceptions->errorHandler(2, 'Undefined variable $web', 'APPPATH\\Views\\v_template_back_end.php', 8)
 2 SYSTEMPATH\View\View.php(213): include('APPPATH\\Views\\v_template_back_end.php')
 3 SYSTEMPATH\View\View.php(216): CodeIgniter\View\View->CodeIgniter\View\{closure}()
 4 SYSTEMPATH\Common.php(1142): CodeIgniter\View\View->render('v_template_back_end', [], true)
 5 APPPATH\Controllers\Toko.php(25): view('v_template_back_end', [...])
 6 SYSTEMPATH\CodeIgniter.php(902): App\Controllers\Toko->index()
 7 SYSTEMPATH\CodeIgniter.php(457): CodeIgniter\CodeIgniter->runController(Object(App\Controllers\Toko))
 8 SYSTEMPATH\CodeIgniter.php(340): CodeIgniter\CodeIgniter->handleRequest(null, Object(Config\Cache), false)
 9 FCPATH\index.php(67): CodeIgniter\CodeIgniter->run()
10 SYSTEMPATH\Commands\Server\rewrite.php(46): require_once('FCPATH\\index.php')
CRITICAL - 2024-05-23 00:53:23 --> Undefined variable $web
in APPPATH\Views\v_template_back_end.php on line 8.
 1 APPPATH\Views\v_template_back_end.php(8): CodeIgniter\Debug\Exceptions->errorHandler(2, 'Undefined variable $web', 'APPPATH\\Views\\v_template_back_end.php', 8)
 2 SYSTEMPATH\View\View.php(213): include('APPPATH\\Views\\v_template_back_end.php')
 3 SYSTEMPATH\View\View.php(216): CodeIgniter\View\View->CodeIgniter\View\{closure}()
 4 SYSTEMPATH\Common.php(1142): CodeIgniter\View\View->render('v_template_back_end', [], true)
 5 APPPATH\Controllers\Toko.php(25): view('v_template_back_end', [...])
 6 SYSTEMPATH\CodeIgniter.php(902): App\Controllers\Toko->index()
 7 SYSTEMPATH\CodeIgniter.php(457): CodeIgniter\CodeIgniter->runController(Object(App\Controllers\Toko))
 8 SYSTEMPATH\CodeIgniter.php(340): CodeIgniter\CodeIgniter->handleRequest(null, Object(Config\Cache), false)
 9 FCPATH\index.php(67): CodeIgniter\CodeIgniter->run()
10 SYSTEMPATH\Commands\Server\rewrite.php(46): require_once('FCPATH\\index.php')
CRITICAL - 2024-05-23 00:54:25 --> Trying to access array offset on value of type null
in APPPATH\Views\infotoko\v_detail.php on line 16.
 1 APPPATH\Views\infotoko\v_detail.php(16): CodeIgniter\Debug\Exceptions->errorHandler(2, 'Trying to access array offset on value of type null', 'APPPATH\\Views\\infotoko\\v_detail.php', 16)
 2 SYSTEMPATH\View\View.php(213): include('APPPATH\\Views\\infotoko\\v_detail.php')
 3 SYSTEMPATH\View\View.php(216): CodeIgniter\View\View->CodeIgniter\View\{closure}()
 4 SYSTEMPATH\Common.php(1142): CodeIgniter\View\View->render('infotoko/v_detail', [], true)
 5 APPPATH\Views\v_template_back_end.php(264): view('infotoko/v_detail')
 6 SYSTEMPATH\View\View.php(213): include('APPPATH\\Views\\v_template_back_end.php')
 7 SYSTEMPATH\View\View.php(216): CodeIgniter\View\View->CodeIgniter\View\{closure}()
 8 SYSTEMPATH\Common.php(1142): CodeIgniter\View\View->render('v_template_back_end', [], true)
 9 APPPATH\Controllers\InfoToko.php(170): view('v_template_back_end', [...])
10 SYSTEMPATH\CodeIgniter.php(902): App\Controllers\InfoToko->Detail('plugins', 'overlayScrollbars', 'css', 'OverlayScrollbars.min.css')
11 SYSTEMPATH\CodeIgniter.php(457): CodeIgniter\CodeIgniter->runController(Object(App\Controllers\InfoToko))
12 SYSTEMPATH\CodeIgniter.php(340): CodeIgniter\CodeIgniter->handleRequest(null, Object(Config\Cache), false)
13 FCPATH\index.php(67): CodeIgniter\CodeIgniter->run()
14 SYSTEMPATH\Commands\Server\rewrite.php(46): require_once('FCPATH\\index.php')
CRITICAL - 2024-05-23 00:54:25 --> Trying to access array offset on value of type null
in APPPATH\Views\infotoko\v_detail.php on line 16.
 1 APPPATH\Views\infotoko\v_detail.php(16): CodeIgniter\Debug\Exceptions->errorHandler(2, 'Trying to access array offset on value of type null', 'APPPATH\\Views\\infotoko\\v_detail.php', 16)
 2 SYSTEMPATH\View\View.php(213): include('APPPATH\\Views\\infotoko\\v_detail.php')
 3 SYSTEMPATH\View\View.php(216): CodeIgniter\View\View->CodeIgniter\View\{closure}()
 4 SYSTEMPATH\Common.php(1142): CodeIgniter\View\View->render('infotoko/v_detail', [], true)
 5 APPPATH\Views\v_template_back_end.php(264): view('infotoko/v_detail')
 6 SYSTEMPATH\View\View.php(213): include('APPPATH\\Views\\v_template_back_end.php')
 7 SYSTEMPATH\View\View.php(216): CodeIgniter\View\View->CodeIgniter\View\{closure}()
 8 SYSTEMPATH\Common.php(1142): CodeIgniter\View\View->render('v_template_back_end', [], true)
 9 APPPATH\Controllers\InfoToko.php(170): view('v_template_back_end', [...])
10 SYSTEMPATH\CodeIgniter.php(902): App\Controllers\InfoToko->Detail('highLightTitle.png')
11 SYSTEMPATH\CodeIgniter.php(457): CodeIgniter\CodeIgniter->runController(Object(App\Controllers\InfoToko))
12 SYSTEMPATH\CodeIgniter.php(340): CodeIgniter\CodeIgniter->handleRequest(null, Object(Config\Cache), false)
13 FCPATH\index.php(67): CodeIgniter\CodeIgniter->run()
14 SYSTEMPATH\Commands\Server\rewrite.php(46): require_once('FCPATH\\index.php')
CRITICAL - 2024-05-23 00:54:30 --> Trying to access array offset on value of type null
in APPPATH\Views\infotoko\v_edit.php on line 14.
 1 APPPATH\Views\infotoko\v_edit.php(14): CodeIgniter\Debug\Exceptions->errorHandler(2, 'Trying to access array offset on value of type null', 'APPPATH\\Views\\infotoko\\v_edit.php', 14)
 2 SYSTEMPATH\View\View.php(213): include('APPPATH\\Views\\infotoko\\v_edit.php')
 3 SYSTEMPATH\View\View.php(216): CodeIgniter\View\View->CodeIgniter\View\{closure}()
 4 SYSTEMPATH\Common.php(1142): CodeIgniter\View\View->render('infotoko/v_edit', [], true)
 5 APPPATH\Views\v_template_back_end.php(264): view('infotoko/v_edit')
 6 SYSTEMPATH\View\View.php(213): include('APPPATH\\Views\\v_template_back_end.php')
 7 SYSTEMPATH\View\View.php(216): CodeIgniter\View\View->CodeIgniter\View\{closure}()
 8 SYSTEMPATH\Common.php(1142): CodeIgniter\View\View->render('v_template_back_end', [], true)
 9 APPPATH\Controllers\InfoToko.php(110): view('v_template_back_end', [...])
10 SYSTEMPATH\CodeIgniter.php(902): App\Controllers\InfoToko->Edit('plugins', 'overlayScrollbars', 'css', 'OverlayScrollbars.min.css')
11 SYSTEMPATH\CodeIgniter.php(457): CodeIgniter\CodeIgniter->runController(Object(App\Controllers\InfoToko))
12 SYSTEMPATH\CodeIgniter.php(340): CodeIgniter\CodeIgniter->handleRequest(null, Object(Config\Cache), false)
13 FCPATH\index.php(67): CodeIgniter\CodeIgniter->run()
14 SYSTEMPATH\Commands\Server\rewrite.php(46): require_once('FCPATH\\index.php')
CRITICAL - 2024-05-23 00:54:31 --> Trying to access array offset on value of type null
in APPPATH\Views\infotoko\v_edit.php on line 14.
 1 APPPATH\Views\infotoko\v_edit.php(14): CodeIgniter\Debug\Exceptions->errorHandler(2, 'Trying to access array offset on value of type null', 'APPPATH\\Views\\infotoko\\v_edit.php', 14)
 2 SYSTEMPATH\View\View.php(213): include('APPPATH\\Views\\infotoko\\v_edit.php')
 3 SYSTEMPATH\View\View.php(216): CodeIgniter\View\View->CodeIgniter\View\{closure}()
 4 SYSTEMPATH\Common.php(1142): CodeIgniter\View\View->render('infotoko/v_edit', [], true)
 5 APPPATH\Views\v_template_back_end.php(264): view('infotoko/v_edit')
 6 SYSTEMPATH\View\View.php(213): include('APPPATH\\Views\\v_template_back_end.php')
 7 SYSTEMPATH\View\View.php(216): CodeIgniter\View\View->CodeIgniter\View\{closure}()
 8 SYSTEMPATH\Common.php(1142): CodeIgniter\View\View->render('v_template_back_end', [], true)
 9 APPPATH\Controllers\InfoToko.php(110): view('v_template_back_end', [...])
10 SYSTEMPATH\CodeIgniter.php(902): App\Controllers\InfoToko->Edit('highLightTitle.png')
11 SYSTEMPATH\CodeIgniter.php(457): CodeIgniter\CodeIgniter->runController(Object(App\Controllers\InfoToko))
12 SYSTEMPATH\CodeIgniter.php(340): CodeIgniter\CodeIgniter->handleRequest(null, Object(Config\Cache), false)
13 FCPATH\index.php(67): CodeIgniter\CodeIgniter->run()
14 SYSTEMPATH\Commands\Server\rewrite.php(46): require_once('FCPATH\\index.php')
CRITICAL - 2024-05-23 00:55:54 --> Undefined variable $web
in APPPATH\Views\v_template_back_end.php on line 8.
 1 APPPATH\Views\v_template_back_end.php(8): CodeIgniter\Debug\Exceptions->errorHandler(2, 'Undefined variable $web', 'APPPATH\\Views\\v_template_back_end.php', 8)
 2 SYSTEMPATH\View\View.php(213): include('APPPATH\\Views\\v_template_back_end.php')
 3 SYSTEMPATH\View\View.php(216): CodeIgniter\View\View->CodeIgniter\View\{closure}()
 4 SYSTEMPATH\Common.php(1142): CodeIgniter\View\View->render('v_template_back_end', [], true)
 5 APPPATH\Controllers\Wilayah.php(119): view('v_template_back_end', [...])
 6 SYSTEMPATH\CodeIgniter.php(902): App\Controllers\Wilayah->Edit('1')
 7 SYSTEMPATH\CodeIgniter.php(457): CodeIgniter\CodeIgniter->runController(Object(App\Controllers\Wilayah))
 8 SYSTEMPATH\CodeIgniter.php(340): CodeIgniter\CodeIgniter->handleRequest(null, Object(Config\Cache), false)
 9 FCPATH\index.php(67): CodeIgniter\CodeIgniter->run()
10 SYSTEMPATH\Commands\Server\rewrite.php(46): require_once('FCPATH\\index.php')
CRITICAL - 2024-05-23 00:55:54 --> Undefined variable $web
in APPPATH\Views\v_template_back_end.php on line 8.
 1 APPPATH\Views\v_template_back_end.php(8): CodeIgniter\Debug\Exceptions->errorHandler(2, 'Undefined variable $web', 'APPPATH\\Views\\v_template_back_end.php', 8)
 2 SYSTEMPATH\View\View.php(213): include('APPPATH\\Views\\v_template_back_end.php')
 3 SYSTEMPATH\View\View.php(216): CodeIgniter\View\View->CodeIgniter\View\{closure}()
 4 SYSTEMPATH\Common.php(1142): CodeIgniter\View\View->render('v_template_back_end', [], true)
 5 APPPATH\Controllers\Wilayah.php(119): view('v_template_back_end', [...])
 6 SYSTEMPATH\CodeIgniter.php(902): App\Controllers\Wilayah->Edit('highLightTitle.png')
 7 SYSTEMPATH\CodeIgniter.php(457): CodeIgniter\CodeIgniter->runController(Object(App\Controllers\Wilayah))
 8 SYSTEMPATH\CodeIgniter.php(340): CodeIgniter\CodeIgniter->handleRequest(null, Object(Config\Cache), false)
 9 FCPATH\index.php(67): CodeIgniter\CodeIgniter->run()
10 SYSTEMPATH\Commands\Server\rewrite.php(46): require_once('FCPATH\\index.php')
CRITICAL - 2024-05-23 00:56:25 --> Undefined variable $web
in APPPATH\Views\v_template_back_end.php on line 8.
 1 APPPATH\Views\v_template_back_end.php(8): CodeIgniter\Debug\Exceptions->errorHandler(2, 'Undefined variable $web', 'APPPATH\\Views\\v_template_back_end.php', 8)
 2 SYSTEMPATH\View\View.php(213): include('APPPATH\\Views\\v_template_back_end.php')
 3 SYSTEMPATH\View\View.php(216): CodeIgniter\View\View->CodeIgniter\View\{closure}()
 4 SYSTEMPATH\Common.php(1142): CodeIgniter\View\View->render('v_template_back_end', [], true)
 5 APPPATH\Controllers\Wilayah.php(38): view('v_template_back_end', [...])
 6 SYSTEMPATH\CodeIgniter.php(902): App\Controllers\Wilayah->Input()
 7 SYSTEMPATH\CodeIgniter.php(457): CodeIgniter\CodeIgniter->runController(Object(App\Controllers\Wilayah))
 8 SYSTEMPATH\CodeIgniter.php(340): CodeIgniter\CodeIgniter->handleRequest(null, Object(Config\Cache), false)
 9 FCPATH\index.php(67): CodeIgniter\CodeIgniter->run()
10 SYSTEMPATH\Commands\Server\rewrite.php(46): require_once('FCPATH\\index.php')
CRITICAL - 2024-05-23 00:57:09 --> Undefined variable $web
in APPPATH\Views\v_template_back_end.php on line 8.
 1 APPPATH\Views\v_template_back_end.php(8): CodeIgniter\Debug\Exceptions->errorHandler(2, 'Undefined variable $web', 'APPPATH\\Views\\v_template_back_end.php', 8)
 2 SYSTEMPATH\View\View.php(213): include('APPPATH\\Views\\v_template_back_end.php')
 3 SYSTEMPATH\View\View.php(216): CodeIgniter\View\View->CodeIgniter\View\{closure}()
 4 SYSTEMPATH\Common.php(1142): CodeIgniter\View\View->render('v_template_back_end', [], true)
 5 APPPATH\Controllers\Wilayah.php(119): view('v_template_back_end', [...])
 6 SYSTEMPATH\CodeIgniter.php(902): App\Controllers\Wilayah->Edit('1')
 7 SYSTEMPATH\CodeIgniter.php(457): CodeIgniter\CodeIgniter->runController(Object(App\Controllers\Wilayah))
 8 SYSTEMPATH\CodeIgniter.php(340): CodeIgniter\CodeIgniter->handleRequest(null, Object(Config\Cache), false)
 9 FCPATH\index.php(67): CodeIgniter\CodeIgniter->run()
10 SYSTEMPATH\Commands\Server\rewrite.php(46): require_once('FCPATH\\index.php')
CRITICAL - 2024-05-23 00:57:10 --> Undefined variable $web
in APPPATH\Views\v_template_back_end.php on line 8.
 1 APPPATH\Views\v_template_back_end.php(8): CodeIgniter\Debug\Exceptions->errorHandler(2, 'Undefined variable $web', 'APPPATH\\Views\\v_template_back_end.php', 8)
 2 SYSTEMPATH\View\View.php(213): include('APPPATH\\Views\\v_template_back_end.php')
 3 SYSTEMPATH\View\View.php(216): CodeIgniter\View\View->CodeIgniter\View\{closure}()
 4 SYSTEMPATH\Common.php(1142): CodeIgniter\View\View->render('v_template_back_end', [], true)
 5 APPPATH\Controllers\Wilayah.php(119): view('v_template_back_end', [...])
 6 SYSTEMPATH\CodeIgniter.php(902): App\Controllers\Wilayah->Edit('highLightTitle.png')
 7 SYSTEMPATH\CodeIgniter.php(457): CodeIgniter\CodeIgniter->runController(Object(App\Controllers\Wilayah))
 8 SYSTEMPATH\CodeIgniter.php(340): CodeIgniter\CodeIgniter->handleRequest(null, Object(Config\Cache), false)
 9 FCPATH\index.php(67): CodeIgniter\CodeIgniter->run()
10 SYSTEMPATH\Commands\Server\rewrite.php(46): require_once('FCPATH\\index.php')
CRITICAL - 2024-05-23 00:57:43 --> Undefined variable $web
in APPPATH\Views\v_template_back_end.php on line 8.
 1 APPPATH\Views\v_template_back_end.php(8): CodeIgniter\Debug\Exceptions->errorHandler(2, 'Undefined variable $web', 'APPPATH\\Views\\v_template_back_end.php', 8)
 2 SYSTEMPATH\View\View.php(213): include('APPPATH\\Views\\v_template_back_end.php')
 3 SYSTEMPATH\View\View.php(216): CodeIgniter\View\View->CodeIgniter\View\{closure}()
 4 SYSTEMPATH\Common.php(1142): CodeIgniter\View\View->render('v_template_back_end', [], true)
 5 APPPATH\Controllers\Wilayah.php(38): view('v_template_back_end', [...])
 6 SYSTEMPATH\CodeIgniter.php(902): App\Controllers\Wilayah->Input()
 7 SYSTEMPATH\CodeIgniter.php(457): CodeIgniter\CodeIgniter->runController(Object(App\Controllers\Wilayah))
 8 SYSTEMPATH\CodeIgniter.php(340): CodeIgniter\CodeIgniter->handleRequest(null, Object(Config\Cache), false)
 9 FCPATH\index.php(67): CodeIgniter\CodeIgniter->run()
10 SYSTEMPATH\Commands\Server\rewrite.php(46): require_once('FCPATH\\index.php')
CRITICAL - 2024-05-23 00:58:48 --> Undefined variable $web
in APPPATH\Views\v_template_back_end.php on line 8.
 1 APPPATH\Views\v_template_back_end.php(8): CodeIgniter\Debug\Exceptions->errorHandler(2, 'Undefined variable $web', 'APPPATH\\Views\\v_template_back_end.php', 8)
 2 SYSTEMPATH\View\View.php(213): include('APPPATH\\Views\\v_template_back_end.php')
 3 SYSTEMPATH\View\View.php(216): CodeIgniter\View\View->CodeIgniter\View\{closure}()
 4 SYSTEMPATH\Common.php(1142): CodeIgniter\View\View->render('v_template_back_end', [], true)
 5 APPPATH\Controllers\Wilayah.php(38): view('v_template_back_end', [...])
 6 SYSTEMPATH\CodeIgniter.php(902): App\Controllers\Wilayah->Input()
 7 SYSTEMPATH\CodeIgniter.php(457): CodeIgniter\CodeIgniter->runController(Object(App\Controllers\Wilayah))
 8 SYSTEMPATH\CodeIgniter.php(340): CodeIgniter\CodeIgniter->handleRequest(null, Object(Config\Cache), false)
 9 FCPATH\index.php(67): CodeIgniter\CodeIgniter->run()
10 SYSTEMPATH\Commands\Server\rewrite.php(46): require_once('FCPATH\\index.php')
CRITICAL - 2024-05-23 00:58:55 --> Trying to access array offset on value of type null
in APPPATH\Views\toko\v_edit.php on line 13.
 1 APPPATH\Views\toko\v_edit.php(13): CodeIgniter\Debug\Exceptions->errorHandler(2, 'Trying to access array offset on value of type null', 'APPPATH\\Views\\toko\\v_edit.php', 13)
 2 SYSTEMPATH\View\View.php(213): include('APPPATH\\Views\\toko\\v_edit.php')
 3 SYSTEMPATH\View\View.php(216): CodeIgniter\View\View->CodeIgniter\View\{closure}()
 4 SYSTEMPATH\Common.php(1142): CodeIgniter\View\View->render('toko/v_edit', [], true)
 5 APPPATH\Views\v_template_back_end.php(264): view('toko/v_edit')
 6 SYSTEMPATH\View\View.php(213): include('APPPATH\\Views\\v_template_back_end.php')
 7 SYSTEMPATH\View\View.php(216): CodeIgniter\View\View->CodeIgniter\View\{closure}()
 8 SYSTEMPATH\Common.php(1142): CodeIgniter\View\View->render('v_template_back_end', [], true)
 9 APPPATH\Controllers\Toko.php(114): view('v_template_back_end', [...])
10 SYSTEMPATH\CodeIgniter.php(902): App\Controllers\Toko->Edit('plugins', 'overlayScrollbars', 'css', 'OverlayScrollbars.min.css')
11 SYSTEMPATH\CodeIgniter.php(457): CodeIgniter\CodeIgniter->runController(Object(App\Controllers\Toko))
12 SYSTEMPATH\CodeIgniter.php(340): CodeIgniter\CodeIgniter->handleRequest(null, Object(Config\Cache), false)
13 FCPATH\index.php(67): CodeIgniter\CodeIgniter->run()
14 SYSTEMPATH\Commands\Server\rewrite.php(46): require_once('FCPATH\\index.php')
CRITICAL - 2024-05-23 00:58:55 --> Trying to access array offset on value of type null
in APPPATH\Views\toko\v_edit.php on line 13.
 1 APPPATH\Views\toko\v_edit.php(13): CodeIgniter\Debug\Exceptions->errorHandler(2, 'Trying to access array offset on value of type null', 'APPPATH\\Views\\toko\\v_edit.php', 13)
 2 SYSTEMPATH\View\View.php(213): include('APPPATH\\Views\\toko\\v_edit.php')
 3 SYSTEMPATH\View\View.php(216): CodeIgniter\View\View->CodeIgniter\View\{closure}()
 4 SYSTEMPATH\Common.php(1142): CodeIgniter\View\View->render('toko/v_edit', [], true)
 5 APPPATH\Views\v_template_back_end.php(264): view('toko/v_edit')
 6 SYSTEMPATH\View\View.php(213): include('APPPATH\\Views\\v_template_back_end.php')
 7 SYSTEMPATH\View\View.php(216): CodeIgniter\View\View->CodeIgniter\View\{closure}()
 8 SYSTEMPATH\Common.php(1142): CodeIgniter\View\View->render('v_template_back_end', [], true)
 9 APPPATH\Controllers\Toko.php(114): view('v_template_back_end', [...])
10 SYSTEMPATH\CodeIgniter.php(902): App\Controllers\Toko->Edit('highLightTitle.png')
11 SYSTEMPATH\CodeIgniter.php(457): CodeIgniter\CodeIgniter->runController(Object(App\Controllers\Toko))
12 SYSTEMPATH\CodeIgniter.php(340): CodeIgniter\CodeIgniter->handleRequest(null, Object(Config\Cache), false)
13 FCPATH\index.php(67): CodeIgniter\CodeIgniter->run()
14 SYSTEMPATH\Commands\Server\rewrite.php(46): require_once('FCPATH\\index.php')
CRITICAL - 2024-05-23 00:59:00 --> Undefined variable $web
in APPPATH\Views\v_template_back_end.php on line 8.
 1 APPPATH\Views\v_template_back_end.php(8): CodeIgniter\Debug\Exceptions->errorHandler(2, 'Undefined variable $web', 'APPPATH\\Views\\v_template_back_end.php', 8)
 2 SYSTEMPATH\View\View.php(213): include('APPPATH\\Views\\v_template_back_end.php')
 3 SYSTEMPATH\View\View.php(216): CodeIgniter\View\View->CodeIgniter\View\{closure}()
 4 SYSTEMPATH\Common.php(1142): CodeIgniter\View\View->render('v_template_back_end', [], true)
 5 APPPATH\Controllers\User.php(24): view('v_template_back_end', [...])
 6 SYSTEMPATH\CodeIgniter.php(902): App\Controllers\User->index()
 7 SYSTEMPATH\CodeIgniter.php(457): CodeIgniter\CodeIgniter->runController(Object(App\Controllers\User))
 8 SYSTEMPATH\CodeIgniter.php(340): CodeIgniter\CodeIgniter->handleRequest(null, Object(Config\Cache), false)
 9 FCPATH\index.php(67): CodeIgniter\CodeIgniter->run()
10 SYSTEMPATH\Commands\Server\rewrite.php(46): require_once('FCPATH\\index.php')
CRITICAL - 2024-05-23 01:00:19 --> Trying to access array offset on value of type null
in APPPATH\Views\user\v_edit.php on line 13.
 1 APPPATH\Views\user\v_edit.php(13): CodeIgniter\Debug\Exceptions->errorHandler(2, 'Trying to access array offset on value of type null', 'APPPATH\\Views\\user\\v_edit.php', 13)
 2 SYSTEMPATH\View\View.php(213): include('APPPATH\\Views\\user\\v_edit.php')
 3 SYSTEMPATH\View\View.php(216): CodeIgniter\View\View->CodeIgniter\View\{closure}()
 4 SYSTEMPATH\Common.php(1142): CodeIgniter\View\View->render('user/v_edit', [], true)
 5 APPPATH\Views\v_template_back_end.php(264): view('user/v_edit')
 6 SYSTEMPATH\View\View.php(213): include('APPPATH\\Views\\v_template_back_end.php')
 7 SYSTEMPATH\View\View.php(216): CodeIgniter\View\View->CodeIgniter\View\{closure}()
 8 SYSTEMPATH\Common.php(1142): CodeIgniter\View\View->render('v_template_back_end', [], true)
 9 APPPATH\Controllers\User.php(129): view('v_template_back_end', [...])
10 SYSTEMPATH\CodeIgniter.php(902): App\Controllers\User->Edit('plugins', 'overlayScrollbars', 'css', 'OverlayScrollbars.min.css')
11 SYSTEMPATH\CodeIgniter.php(457): CodeIgniter\CodeIgniter->runController(Object(App\Controllers\User))
12 SYSTEMPATH\CodeIgniter.php(340): CodeIgniter\CodeIgniter->handleRequest(null, Object(Config\Cache), false)
13 FCPATH\index.php(67): CodeIgniter\CodeIgniter->run()
14 SYSTEMPATH\Commands\Server\rewrite.php(46): require_once('FCPATH\\index.php')
CRITICAL - 2024-05-23 01:00:19 --> Trying to access array offset on value of type null
in APPPATH\Views\user\v_edit.php on line 13.
 1 APPPATH\Views\user\v_edit.php(13): CodeIgniter\Debug\Exceptions->errorHandler(2, 'Trying to access array offset on value of type null', 'APPPATH\\Views\\user\\v_edit.php', 13)
 2 SYSTEMPATH\View\View.php(213): include('APPPATH\\Views\\user\\v_edit.php')
 3 SYSTEMPATH\View\View.php(216): CodeIgniter\View\View->CodeIgniter\View\{closure}()
 4 SYSTEMPATH\Common.php(1142): CodeIgniter\View\View->render('user/v_edit', [], true)
 5 APPPATH\Views\v_template_back_end.php(264): view('user/v_edit')
 6 SYSTEMPATH\View\View.php(213): include('APPPATH\\Views\\v_template_back_end.php')
 7 SYSTEMPATH\View\View.php(216): CodeIgniter\View\View->CodeIgniter\View\{closure}()
 8 SYSTEMPATH\Common.php(1142): CodeIgniter\View\View->render('v_template_back_end', [], true)
 9 APPPATH\Controllers\User.php(129): view('v_template_back_end', [...])
10 SYSTEMPATH\CodeIgniter.php(902): App\Controllers\User->Edit('highLightTitle.png')
11 SYSTEMPATH\CodeIgniter.php(457): CodeIgniter\CodeIgniter->runController(Object(App\Controllers\User))
12 SYSTEMPATH\CodeIgniter.php(340): CodeIgniter\CodeIgniter->handleRequest(null, Object(Config\Cache), false)
13 FCPATH\index.php(67): CodeIgniter\CodeIgniter->run()
14 SYSTEMPATH\Commands\Server\rewrite.php(46): require_once('FCPATH\\index.php')
CRITICAL - 2024-05-23 01:00:37 --> Undefined variable $web
in APPPATH\Views\v_template_back_end.php on line 8.
 1 APPPATH\Views\v_template_back_end.php(8): CodeIgniter\Debug\Exceptions->errorHandler(2, 'Undefined variable $web', 'APPPATH\\Views\\v_template_back_end.php', 8)
 2 SYSTEMPATH\View\View.php(213): include('APPPATH\\Views\\v_template_back_end.php')
 3 SYSTEMPATH\View\View.php(216): CodeIgniter\View\View->CodeIgniter\View\{closure}()
 4 SYSTEMPATH\Common.php(1142): CodeIgniter\View\View->render('v_template_back_end', [], true)
 5 APPPATH\Controllers\Wilayah.php(119): view('v_template_back_end', [...])
 6 SYSTEMPATH\CodeIgniter.php(902): App\Controllers\Wilayah->Edit('1')
 7 SYSTEMPATH\CodeIgniter.php(457): CodeIgniter\CodeIgniter->runController(Object(App\Controllers\Wilayah))
 8 SYSTEMPATH\CodeIgniter.php(340): CodeIgniter\CodeIgniter->handleRequest(null, Object(Config\Cache), false)
 9 FCPATH\index.php(67): CodeIgniter\CodeIgniter->run()
10 SYSTEMPATH\Commands\Server\rewrite.php(46): require_once('FCPATH\\index.php')
CRITICAL - 2024-05-23 01:00:37 --> Undefined variable $web
in APPPATH\Views\v_template_back_end.php on line 8.
 1 APPPATH\Views\v_template_back_end.php(8): CodeIgniter\Debug\Exceptions->errorHandler(2, 'Undefined variable $web', 'APPPATH\\Views\\v_template_back_end.php', 8)
 2 SYSTEMPATH\View\View.php(213): include('APPPATH\\Views\\v_template_back_end.php')
 3 SYSTEMPATH\View\View.php(216): CodeIgniter\View\View->CodeIgniter\View\{closure}()
 4 SYSTEMPATH\Common.php(1142): CodeIgniter\View\View->render('v_template_back_end', [], true)
 5 APPPATH\Controllers\Wilayah.php(119): view('v_template_back_end', [...])
 6 SYSTEMPATH\CodeIgniter.php(902): App\Controllers\Wilayah->Edit('highLightTitle.png')
 7 SYSTEMPATH\CodeIgniter.php(457): CodeIgniter\CodeIgniter->runController(Object(App\Controllers\Wilayah))
 8 SYSTEMPATH\CodeIgniter.php(340): CodeIgniter\CodeIgniter->handleRequest(null, Object(Config\Cache), false)
 9 FCPATH\index.php(67): CodeIgniter\CodeIgniter->run()
10 SYSTEMPATH\Commands\Server\rewrite.php(46): require_once('FCPATH\\index.php')
CRITICAL - 2024-05-23 01:00:41 --> Undefined variable $web
in APPPATH\Views\v_template_back_end.php on line 8.
 1 APPPATH\Views\v_template_back_end.php(8): CodeIgniter\Debug\Exceptions->errorHandler(2, 'Undefined variable $web', 'APPPATH\\Views\\v_template_back_end.php', 8)
 2 SYSTEMPATH\View\View.php(213): include('APPPATH\\Views\\v_template_back_end.php')
 3 SYSTEMPATH\View\View.php(216): CodeIgniter\View\View->CodeIgniter\View\{closure}()
 4 SYSTEMPATH\Common.php(1142): CodeIgniter\View\View->render('v_template_back_end', [], true)
 5 APPPATH\Controllers\Wilayah.php(38): view('v_template_back_end', [...])
 6 SYSTEMPATH\CodeIgniter.php(902): App\Controllers\Wilayah->Input()
 7 SYSTEMPATH\CodeIgniter.php(457): CodeIgniter\CodeIgniter->runController(Object(App\Controllers\Wilayah))
 8 SYSTEMPATH\CodeIgniter.php(340): CodeIgniter\CodeIgniter->handleRequest(null, Object(Config\Cache), false)
 9 FCPATH\index.php(67): CodeIgniter\CodeIgniter->run()
10 SYSTEMPATH\Commands\Server\rewrite.php(46): require_once('FCPATH\\index.php')
CRITICAL - 2024-05-23 01:01:12 --> Undefined variable $web
in APPPATH\Views\v_template_back_end.php on line 8.
 1 APPPATH\Views\v_template_back_end.php(8): CodeIgniter\Debug\Exceptions->errorHandler(2, 'Undefined variable $web', 'APPPATH\\Views\\v_template_back_end.php', 8)
 2 SYSTEMPATH\View\View.php(213): include('APPPATH\\Views\\v_template_back_end.php')
 3 SYSTEMPATH\View\View.php(216): CodeIgniter\View\View->CodeIgniter\View\{closure}()
 4 SYSTEMPATH\Common.php(1142): CodeIgniter\View\View->render('v_template_back_end', [], true)
 5 APPPATH\Controllers\Wilayah.php(38): view('v_template_back_end', [...])
 6 SYSTEMPATH\CodeIgniter.php(902): App\Controllers\Wilayah->Input()
 7 SYSTEMPATH\CodeIgniter.php(457): CodeIgniter\CodeIgniter->runController(Object(App\Controllers\Wilayah))
 8 SYSTEMPATH\CodeIgniter.php(340): CodeIgniter\CodeIgniter->handleRequest(null, Object(Config\Cache), false)
 9 FCPATH\index.php(67): CodeIgniter\CodeIgniter->run()
10 SYSTEMPATH\Commands\Server\rewrite.php(46): require_once('FCPATH\\index.php')
CRITICAL - 2024-05-23 01:01:16 --> Undefined variable $web
in APPPATH\Views\v_template_back_end.php on line 8.
 1 APPPATH\Views\v_template_back_end.php(8): CodeIgniter\Debug\Exceptions->errorHandler(2, 'Undefined variable $web', 'APPPATH\\Views\\v_template_back_end.php', 8)
 2 SYSTEMPATH\View\View.php(213): include('APPPATH\\Views\\v_template_back_end.php')
 3 SYSTEMPATH\View\View.php(216): CodeIgniter\View\View->CodeIgniter\View\{closure}()
 4 SYSTEMPATH\Common.php(1142): CodeIgniter\View\View->render('v_template_back_end', [], true)
 5 APPPATH\Controllers\Wilayah.php(38): view('v_template_back_end', [...])
 6 SYSTEMPATH\CodeIgniter.php(902): App\Controllers\Wilayah->Input()
 7 SYSTEMPATH\CodeIgniter.php(457): CodeIgniter\CodeIgniter->runController(Object(App\Controllers\Wilayah))
 8 SYSTEMPATH\CodeIgniter.php(340): CodeIgniter\CodeIgniter->handleRequest(null, Object(Config\Cache), false)
 9 FCPATH\index.php(67): CodeIgniter\CodeIgniter->run()
10 SYSTEMPATH\Commands\Server\rewrite.php(46): require_once('FCPATH\\index.php')
CRITICAL - 2024-05-23 01:02:46 --> Trying to access array offset on value of type null
in APPPATH\Views\wilayah\v_edit.php on line 14.
 1 APPPATH\Views\wilayah\v_edit.php(14): CodeIgniter\Debug\Exceptions->errorHandler(2, 'Trying to access array offset on value of type null', 'APPPATH\\Views\\wilayah\\v_edit.php', 14)
 2 SYSTEMPATH\View\View.php(213): include('APPPATH\\Views\\wilayah\\v_edit.php')
 3 SYSTEMPATH\View\View.php(216): CodeIgniter\View\View->CodeIgniter\View\{closure}()
 4 SYSTEMPATH\Common.php(1142): CodeIgniter\View\View->render('wilayah/v_edit', [], true)
 5 APPPATH\Views\v_template_back_end.php(264): view('wilayah/v_edit')
 6 SYSTEMPATH\View\View.php(213): include('APPPATH\\Views\\v_template_back_end.php')
 7 SYSTEMPATH\View\View.php(216): CodeIgniter\View\View->CodeIgniter\View\{closure}()
 8 SYSTEMPATH\Common.php(1142): CodeIgniter\View\View->render('v_template_back_end', [], true)
 9 APPPATH\Controllers\Wilayah.php(122): view('v_template_back_end', [...])
10 SYSTEMPATH\CodeIgniter.php(902): App\Controllers\Wilayah->Edit('plugins', 'overlayScrollbars', 'css', 'OverlayScrollbars.min.css')
11 SYSTEMPATH\CodeIgniter.php(457): CodeIgniter\CodeIgniter->runController(Object(App\Controllers\Wilayah))
12 SYSTEMPATH\CodeIgniter.php(340): CodeIgniter\CodeIgniter->handleRequest(null, Object(Config\Cache), false)
13 FCPATH\index.php(67): CodeIgniter\CodeIgniter->run()
14 SYSTEMPATH\Commands\Server\rewrite.php(46): require_once('FCPATH\\index.php')
CRITICAL - 2024-05-23 01:02:46 --> Trying to access array offset on value of type null
in APPPATH\Views\wilayah\v_edit.php on line 14.
 1 APPPATH\Views\wilayah\v_edit.php(14): CodeIgniter\Debug\Exceptions->errorHandler(2, 'Trying to access array offset on value of type null', 'APPPATH\\Views\\wilayah\\v_edit.php', 14)
 2 SYSTEMPATH\View\View.php(213): include('APPPATH\\Views\\wilayah\\v_edit.php')
 3 SYSTEMPATH\View\View.php(216): CodeIgniter\View\View->CodeIgniter\View\{closure}()
 4 SYSTEMPATH\Common.php(1142): CodeIgniter\View\View->render('wilayah/v_edit', [], true)
 5 APPPATH\Views\v_template_back_end.php(264): view('wilayah/v_edit')
 6 SYSTEMPATH\View\View.php(213): include('APPPATH\\Views\\v_template_back_end.php')
 7 SYSTEMPATH\View\View.php(216): CodeIgniter\View\View->CodeIgniter\View\{closure}()
 8 SYSTEMPATH\Common.php(1142): CodeIgniter\View\View->render('v_template_back_end', [], true)
 9 APPPATH\Controllers\Wilayah.php(122): view('v_template_back_end', [...])
10 SYSTEMPATH\CodeIgniter.php(902): App\Controllers\Wilayah->Edit('highLightTitle.png')
11 SYSTEMPATH\CodeIgniter.php(457): CodeIgniter\CodeIgniter->runController(Object(App\Controllers\Wilayah))
12 SYSTEMPATH\CodeIgniter.php(340): CodeIgniter\CodeIgniter->handleRequest(null, Object(Config\Cache), false)
13 FCPATH\index.php(67): CodeIgniter\CodeIgniter->run()
14 SYSTEMPATH\Commands\Server\rewrite.php(46): require_once('FCPATH\\index.php')
CRITICAL - 2024-05-23 01:02:49 --> Trying to access array offset on value of type null
in APPPATH\Views\toko\v_edit.php on line 13.
 1 APPPATH\Views\toko\v_edit.php(13): CodeIgniter\Debug\Exceptions->errorHandler(2, 'Trying to access array offset on value of type null', 'APPPATH\\Views\\toko\\v_edit.php', 13)
 2 SYSTEMPATH\View\View.php(213): include('APPPATH\\Views\\toko\\v_edit.php')
 3 SYSTEMPATH\View\View.php(216): CodeIgniter\View\View->CodeIgniter\View\{closure}()
 4 SYSTEMPATH\Common.php(1142): CodeIgniter\View\View->render('toko/v_edit', [], true)
 5 APPPATH\Views\v_template_back_end.php(264): view('toko/v_edit')
 6 SYSTEMPATH\View\View.php(213): include('APPPATH\\Views\\v_template_back_end.php')
 7 SYSTEMPATH\View\View.php(216): CodeIgniter\View\View->CodeIgniter\View\{closure}()
 8 SYSTEMPATH\Common.php(1142): CodeIgniter\View\View->render('v_template_back_end', [], true)
 9 APPPATH\Controllers\Toko.php(115): view('v_template_back_end', [...])
10 SYSTEMPATH\CodeIgniter.php(902): App\Controllers\Toko->Edit('plugins', 'overlayScrollbars', 'css', 'OverlayScrollbars.min.css')
11 SYSTEMPATH\CodeIgniter.php(457): CodeIgniter\CodeIgniter->runController(Object(App\Controllers\Toko))
12 SYSTEMPATH\CodeIgniter.php(340): CodeIgniter\CodeIgniter->handleRequest(null, Object(Config\Cache), false)
13 FCPATH\index.php(67): CodeIgniter\CodeIgniter->run()
14 SYSTEMPATH\Commands\Server\rewrite.php(46): require_once('FCPATH\\index.php')
CRITICAL - 2024-05-23 01:02:49 --> Trying to access array offset on value of type null
in APPPATH\Views\toko\v_edit.php on line 13.
 1 APPPATH\Views\toko\v_edit.php(13): CodeIgniter\Debug\Exceptions->errorHandler(2, 'Trying to access array offset on value of type null', 'APPPATH\\Views\\toko\\v_edit.php', 13)
 2 SYSTEMPATH\View\View.php(213): include('APPPATH\\Views\\toko\\v_edit.php')
 3 SYSTEMPATH\View\View.php(216): CodeIgniter\View\View->CodeIgniter\View\{closure}()
 4 SYSTEMPATH\Common.php(1142): CodeIgniter\View\View->render('toko/v_edit', [], true)
 5 APPPATH\Views\v_template_back_end.php(264): view('toko/v_edit')
 6 SYSTEMPATH\View\View.php(213): include('APPPATH\\Views\\v_template_back_end.php')
 7 SYSTEMPATH\View\View.php(216): CodeIgniter\View\View->CodeIgniter\View\{closure}()
 8 SYSTEMPATH\Common.php(1142): CodeIgniter\View\View->render('v_template_back_end', [], true)
 9 APPPATH\Controllers\Toko.php(115): view('v_template_back_end', [...])
10 SYSTEMPATH\CodeIgniter.php(902): App\Controllers\Toko->Edit('highLightTitle.png')
11 SYSTEMPATH\CodeIgniter.php(457): CodeIgniter\CodeIgniter->runController(Object(App\Controllers\Toko))
12 SYSTEMPATH\CodeIgniter.php(340): CodeIgniter\CodeIgniter->handleRequest(null, Object(Config\Cache), false)
13 FCPATH\index.php(67): CodeIgniter\CodeIgniter->run()
14 SYSTEMPATH\Commands\Server\rewrite.php(46): require_once('FCPATH\\index.php')
CRITICAL - 2024-05-23 01:03:08 --> Trying to access array offset on value of type null
in APPPATH\Views\infotoko\v_detail.php on line 16.
 1 APPPATH\Views\infotoko\v_detail.php(16): CodeIgniter\Debug\Exceptions->errorHandler(2, 'Trying to access array offset on value of type null', 'APPPATH\\Views\\infotoko\\v_detail.php', 16)
 2 SYSTEMPATH\View\View.php(213): include('APPPATH\\Views\\infotoko\\v_detail.php')
 3 SYSTEMPATH\View\View.php(216): CodeIgniter\View\View->CodeIgniter\View\{closure}()
 4 SYSTEMPATH\Common.php(1142): CodeIgniter\View\View->render('infotoko/v_detail', [], true)
 5 APPPATH\Views\v_template_back_end.php(264): view('infotoko/v_detail')
 6 SYSTEMPATH\View\View.php(213): include('APPPATH\\Views\\v_template_back_end.php')
 7 SYSTEMPATH\View\View.php(216): CodeIgniter\View\View->CodeIgniter\View\{closure}()
 8 SYSTEMPATH\Common.php(1142): CodeIgniter\View\View->render('v_template_back_end', [], true)
 9 APPPATH\Controllers\InfoToko.php(170): view('v_template_back_end', [...])
10 SYSTEMPATH\CodeIgniter.php(902): App\Controllers\InfoToko->Detail('plugins', 'overlayScrollbars', 'css', 'OverlayScrollbars.min.css')
11 SYSTEMPATH\CodeIgniter.php(457): CodeIgniter\CodeIgniter->runController(Object(App\Controllers\InfoToko))
12 SYSTEMPATH\CodeIgniter.php(340): CodeIgniter\CodeIgniter->handleRequest(null, Object(Config\Cache), false)
13 FCPATH\index.php(67): CodeIgniter\CodeIgniter->run()
14 SYSTEMPATH\Commands\Server\rewrite.php(46): require_once('FCPATH\\index.php')
CRITICAL - 2024-05-23 01:03:08 --> Trying to access array offset on value of type null
in APPPATH\Views\infotoko\v_detail.php on line 16.
 1 APPPATH\Views\infotoko\v_detail.php(16): CodeIgniter\Debug\Exceptions->errorHandler(2, 'Trying to access array offset on value of type null', 'APPPATH\\Views\\infotoko\\v_detail.php', 16)
 2 SYSTEMPATH\View\View.php(213): include('APPPATH\\Views\\infotoko\\v_detail.php')
 3 SYSTEMPATH\View\View.php(216): CodeIgniter\View\View->CodeIgniter\View\{closure}()
 4 SYSTEMPATH\Common.php(1142): CodeIgniter\View\View->render('infotoko/v_detail', [], true)
 5 APPPATH\Views\v_template_back_end.php(264): view('infotoko/v_detail')
 6 SYSTEMPATH\View\View.php(213): include('APPPATH\\Views\\v_template_back_end.php')
 7 SYSTEMPATH\View\View.php(216): CodeIgniter\View\View->CodeIgniter\View\{closure}()
 8 SYSTEMPATH\Common.php(1142): CodeIgniter\View\View->render('v_template_back_end', [], true)
 9 APPPATH\Controllers\InfoToko.php(170): view('v_template_back_end', [...])
10 SYSTEMPATH\CodeIgniter.php(902): App\Controllers\InfoToko->Detail('highLightTitle.png')
11 SYSTEMPATH\CodeIgniter.php(457): CodeIgniter\CodeIgniter->runController(Object(App\Controllers\InfoToko))
12 SYSTEMPATH\CodeIgniter.php(340): CodeIgniter\CodeIgniter->handleRequest(null, Object(Config\Cache), false)
13 FCPATH\index.php(67): CodeIgniter\CodeIgniter->run()
14 SYSTEMPATH\Commands\Server\rewrite.php(46): require_once('FCPATH\\index.php')
CRITICAL - 2024-05-23 01:03:12 --> Trying to access array offset on value of type null
in APPPATH\Views\infotoko\v_edit.php on line 14.
 1 APPPATH\Views\infotoko\v_edit.php(14): CodeIgniter\Debug\Exceptions->errorHandler(2, 'Trying to access array offset on value of type null', 'APPPATH\\Views\\infotoko\\v_edit.php', 14)
 2 SYSTEMPATH\View\View.php(213): include('APPPATH\\Views\\infotoko\\v_edit.php')
 3 SYSTEMPATH\View\View.php(216): CodeIgniter\View\View->CodeIgniter\View\{closure}()
 4 SYSTEMPATH\Common.php(1142): CodeIgniter\View\View->render('infotoko/v_edit', [], true)
 5 APPPATH\Views\v_template_back_end.php(264): view('infotoko/v_edit')
 6 SYSTEMPATH\View\View.php(213): include('APPPATH\\Views\\v_template_back_end.php')
 7 SYSTEMPATH\View\View.php(216): CodeIgniter\View\View->CodeIgniter\View\{closure}()
 8 SYSTEMPATH\Common.php(1142): CodeIgniter\View\View->render('v_template_back_end', [], true)
 9 APPPATH\Controllers\InfoToko.php(110): view('v_template_back_end', [...])
10 SYSTEMPATH\CodeIgniter.php(902): App\Controllers\InfoToko->Edit('plugins', 'overlayScrollbars', 'css', 'OverlayScrollbars.min.css')
11 SYSTEMPATH\CodeIgniter.php(457): CodeIgniter\CodeIgniter->runController(Object(App\Controllers\InfoToko))
12 SYSTEMPATH\CodeIgniter.php(340): CodeIgniter\CodeIgniter->handleRequest(null, Object(Config\Cache), false)
13 FCPATH\index.php(67): CodeIgniter\CodeIgniter->run()
14 SYSTEMPATH\Commands\Server\rewrite.php(46): require_once('FCPATH\\index.php')
CRITICAL - 2024-05-23 01:03:13 --> Trying to access array offset on value of type null
in APPPATH\Views\infotoko\v_edit.php on line 14.
 1 APPPATH\Views\infotoko\v_edit.php(14): CodeIgniter\Debug\Exceptions->errorHandler(2, 'Trying to access array offset on value of type null', 'APPPATH\\Views\\infotoko\\v_edit.php', 14)
 2 SYSTEMPATH\View\View.php(213): include('APPPATH\\Views\\infotoko\\v_edit.php')
 3 SYSTEMPATH\View\View.php(216): CodeIgniter\View\View->CodeIgniter\View\{closure}()
 4 SYSTEMPATH\Common.php(1142): CodeIgniter\View\View->render('infotoko/v_edit', [], true)
 5 APPPATH\Views\v_template_back_end.php(264): view('infotoko/v_edit')
 6 SYSTEMPATH\View\View.php(213): include('APPPATH\\Views\\v_template_back_end.php')
 7 SYSTEMPATH\View\View.php(216): CodeIgniter\View\View->CodeIgniter\View\{closure}()
 8 SYSTEMPATH\Common.php(1142): CodeIgniter\View\View->render('v_template_back_end', [], true)
 9 APPPATH\Controllers\InfoToko.php(110): view('v_template_back_end', [...])
10 SYSTEMPATH\CodeIgniter.php(902): App\Controllers\InfoToko->Edit('highLightTitle.png')
11 SYSTEMPATH\CodeIgniter.php(457): CodeIgniter\CodeIgniter->runController(Object(App\Controllers\InfoToko))
12 SYSTEMPATH\CodeIgniter.php(340): CodeIgniter\CodeIgniter->handleRequest(null, Object(Config\Cache), false)
13 FCPATH\index.php(67): CodeIgniter\CodeIgniter->run()
14 SYSTEMPATH\Commands\Server\rewrite.php(46): require_once('FCPATH\\index.php')
CRITICAL - 2024-05-23 01:03:24 --> Trying to access array offset on value of type null
in APPPATH\Views\user\v_edit.php on line 13.
 1 APPPATH\Views\user\v_edit.php(13): CodeIgniter\Debug\Exceptions->errorHandler(2, 'Trying to access array offset on value of type null', 'APPPATH\\Views\\user\\v_edit.php', 13)
 2 SYSTEMPATH\View\View.php(213): include('APPPATH\\Views\\user\\v_edit.php')
 3 SYSTEMPATH\View\View.php(216): CodeIgniter\View\View->CodeIgniter\View\{closure}()
 4 SYSTEMPATH\Common.php(1142): CodeIgniter\View\View->render('user/v_edit', [], true)
 5 APPPATH\Views\v_template_back_end.php(264): view('user/v_edit')
 6 SYSTEMPATH\View\View.php(213): include('APPPATH\\Views\\v_template_back_end.php')
 7 SYSTEMPATH\View\View.php(216): CodeIgniter\View\View->CodeIgniter\View\{closure}()
 8 SYSTEMPATH\Common.php(1142): CodeIgniter\View\View->render('v_template_back_end', [], true)
 9 APPPATH\Controllers\User.php(129): view('v_template_back_end', [...])
10 SYSTEMPATH\CodeIgniter.php(902): App\Controllers\User->Edit('plugins', 'overlayScrollbars', 'css', 'OverlayScrollbars.min.css')
11 SYSTEMPATH\CodeIgniter.php(457): CodeIgniter\CodeIgniter->runController(Object(App\Controllers\User))
12 SYSTEMPATH\CodeIgniter.php(340): CodeIgniter\CodeIgniter->handleRequest(null, Object(Config\Cache), false)
13 FCPATH\index.php(67): CodeIgniter\CodeIgniter->run()
14 SYSTEMPATH\Commands\Server\rewrite.php(46): require_once('FCPATH\\index.php')
CRITICAL - 2024-05-23 01:03:25 --> Trying to access array offset on value of type null
in APPPATH\Views\user\v_edit.php on line 13.
 1 APPPATH\Views\user\v_edit.php(13): CodeIgniter\Debug\Exceptions->errorHandler(2, 'Trying to access array offset on value of type null', 'APPPATH\\Views\\user\\v_edit.php', 13)
 2 SYSTEMPATH\View\View.php(213): include('APPPATH\\Views\\user\\v_edit.php')
 3 SYSTEMPATH\View\View.php(216): CodeIgniter\View\View->CodeIgniter\View\{closure}()
 4 SYSTEMPATH\Common.php(1142): CodeIgniter\View\View->render('user/v_edit', [], true)
 5 APPPATH\Views\v_template_back_end.php(264): view('user/v_edit')
 6 SYSTEMPATH\View\View.php(213): include('APPPATH\\Views\\v_template_back_end.php')
 7 SYSTEMPATH\View\View.php(216): CodeIgniter\View\View->CodeIgniter\View\{closure}()
 8 SYSTEMPATH\Common.php(1142): CodeIgniter\View\View->render('v_template_back_end', [], true)
 9 APPPATH\Controllers\User.php(129): view('v_template_back_end', [...])
10 SYSTEMPATH\CodeIgniter.php(902): App\Controllers\User->Edit('highLightTitle.png')
11 SYSTEMPATH\CodeIgniter.php(457): CodeIgniter\CodeIgniter->runController(Object(App\Controllers\User))
12 SYSTEMPATH\CodeIgniter.php(340): CodeIgniter\CodeIgniter->handleRequest(null, Object(Config\Cache), false)
13 FCPATH\index.php(67): CodeIgniter\CodeIgniter->run()
14 SYSTEMPATH\Commands\Server\rewrite.php(46): require_once('FCPATH\\index.php')
CRITICAL - 2024-05-23 01:03:47 --> Trying to access array offset on value of type null
in APPPATH\Controllers\Home.php on line 63.
 1 APPPATH\Controllers\Home.php(63): CodeIgniter\Debug\Exceptions->errorHandler(2, 'Trying to access array offset on value of type null', 'APPPATH\\Controllers\\Home.php', 63)
 2 SYSTEMPATH\CodeIgniter.php(902): App\Controllers\Home->WilayahToko('highLightTitle.png')
 3 SYSTEMPATH\CodeIgniter.php(457): CodeIgniter\CodeIgniter->runController(Object(App\Controllers\Home))
 4 SYSTEMPATH\CodeIgniter.php(340): CodeIgniter\CodeIgniter->handleRequest(null, Object(Config\Cache), false)
 5 FCPATH\index.php(67): CodeIgniter\CodeIgniter->run()
 6 SYSTEMPATH\Commands\Server\rewrite.php(46): require_once('FCPATH\\index.php')
CRITICAL - 2024-05-23 01:04:05 --> Trying to access array offset on value of type null
in APPPATH\Controllers\Home.php on line 63.
 1 APPPATH\Controllers\Home.php(63): CodeIgniter\Debug\Exceptions->errorHandler(2, 'Trying to access array offset on value of type null', 'APPPATH\\Controllers\\Home.php', 63)
 2 SYSTEMPATH\CodeIgniter.php(902): App\Controllers\Home->WilayahToko('highLightTitle.png')
 3 SYSTEMPATH\CodeIgniter.php(457): CodeIgniter\CodeIgniter->runController(Object(App\Controllers\Home))
 4 SYSTEMPATH\CodeIgniter.php(340): CodeIgniter\CodeIgniter->handleRequest(null, Object(Config\Cache), false)
 5 FCPATH\index.php(67): CodeIgniter\CodeIgniter->run()
 6 SYSTEMPATH\Commands\Server\rewrite.php(46): require_once('FCPATH\\index.php')
CRITICAL - 2024-05-23 19:46:19 --> Undefined variable $web
in APPPATH\Views\auth\template\index.php on line 7.
 1 APPPATH\Views\auth\template\index.php(7): CodeIgniter\Debug\Exceptions->errorHandler(2, 'Undefined variable $web', 'APPPATH\\Views\\auth\\template\\index.php', 7)
 2 SYSTEMPATH\View\View.php(213): include('APPPATH\\Views\\auth\\template\\index.php')
 3 SYSTEMPATH\View\View.php(216): CodeIgniter\View\View->CodeIgniter\View\{closure}()
 4 SYSTEMPATH\View\View.php(229): CodeIgniter\View\View->render('auth/template/index', [], true)
 5 SYSTEMPATH\Common.php(1142): CodeIgniter\View\View->render('\\App\\Views\\auth\\login', [], true)
 6 VENDORPATH\myth\auth\src\Controllers\AuthController.php(412): view('\\App\\Views\\auth\\login', [...])
 7 VENDORPATH\myth\auth\src\Controllers\AuthController.php(58): Myth\Auth\Controllers\AuthController->_render('\\App\\Views\\auth\\login', [...])
 8 SYSTEMPATH\CodeIgniter.php(902): Myth\Auth\Controllers\AuthController->login()
 9 SYSTEMPATH\CodeIgniter.php(457): CodeIgniter\CodeIgniter->runController(Object(Myth\Auth\Controllers\AuthController))
10 SYSTEMPATH\CodeIgniter.php(340): CodeIgniter\CodeIgniter->handleRequest(null, Object(Config\Cache), false)
11 FCPATH\index.php(67): CodeIgniter\CodeIgniter->run()
12 SYSTEMPATH\Commands\Server\rewrite.php(46): require_once('FCPATH\\index.php')
CRITICAL - 2024-05-23 19:46:39 --> Undefined variable $web
in APPPATH\Views\auth\template\index.php on line 7.
 1 APPPATH\Views\auth\template\index.php(7): CodeIgniter\Debug\Exceptions->errorHandler(2, 'Undefined variable $web', 'APPPATH\\Views\\auth\\template\\index.php', 7)
 2 SYSTEMPATH\View\View.php(213): include('APPPATH\\Views\\auth\\template\\index.php')
 3 SYSTEMPATH\View\View.php(216): CodeIgniter\View\View->CodeIgniter\View\{closure}()
 4 SYSTEMPATH\View\View.php(229): CodeIgniter\View\View->render('auth/template/index', [], true)
 5 SYSTEMPATH\Common.php(1142): CodeIgniter\View\View->render('\\App\\Views\\auth\\login', [], true)
 6 VENDORPATH\myth\auth\src\Controllers\AuthController.php(412): view('\\App\\Views\\auth\\login', [...])
 7 VENDORPATH\myth\auth\src\Controllers\AuthController.php(58): Myth\Auth\Controllers\AuthController->_render('\\App\\Views\\auth\\login', [...])
 8 SYSTEMPATH\CodeIgniter.php(902): Myth\Auth\Controllers\AuthController->login()
 9 SYSTEMPATH\CodeIgniter.php(457): CodeIgniter\CodeIgniter->runController(Object(Myth\Auth\Controllers\AuthController))
10 SYSTEMPATH\CodeIgniter.php(340): CodeIgniter\CodeIgniter->handleRequest(null, Object(Config\Cache), false)
11 FCPATH\index.php(67): CodeIgniter\CodeIgniter->run()
12 SYSTEMPATH\Commands\Server\rewrite.php(46): require_once('FCPATH\\index.php')
CRITICAL - 2024-05-23 19:51:19 --> Undefined variable $web
in APPPATH\Views\auth\login.php on line 110.
 1 APPPATH\Views\auth\login.php(110): CodeIgniter\Debug\Exceptions->errorHandler(2, 'Undefined variable $web', 'APPPATH\\Views\\auth\\login.php', 110)
 2 SYSTEMPATH\View\View.php(213): include('APPPATH\\Views\\auth\\login.php')
 3 SYSTEMPATH\View\View.php(216): CodeIgniter\View\View->CodeIgniter\View\{closure}()
 4 SYSTEMPATH\Common.php(1142): CodeIgniter\View\View->render('\\App\\Views\\auth\\login', [], true)
 5 VENDORPATH\myth\auth\src\Controllers\AuthController.php(412): view('\\App\\Views\\auth\\login', [...])
 6 VENDORPATH\myth\auth\src\Controllers\AuthController.php(58): Myth\Auth\Controllers\AuthController->_render('\\App\\Views\\auth\\login', [...])
 7 SYSTEMPATH\CodeIgniter.php(902): Myth\Auth\Controllers\AuthController->login()
 8 SYSTEMPATH\CodeIgniter.php(457): CodeIgniter\CodeIgniter->runController(Object(Myth\Auth\Controllers\AuthController))
 9 SYSTEMPATH\CodeIgniter.php(340): CodeIgniter\CodeIgniter->handleRequest(null, Object(Config\Cache), false)
10 FCPATH\index.php(67): CodeIgniter\CodeIgniter->run()
11 SYSTEMPATH\Commands\Server\rewrite.php(46): require_once('FCPATH\\index.php')
CRITICAL - 2024-05-23 19:55:58 --> Undefined variable $web
in APPPATH\Views\auth\login.php on line 110.
 1 APPPATH\Views\auth\login.php(110): CodeIgniter\Debug\Exceptions->errorHandler(2, 'Undefined variable $web', 'APPPATH\\Views\\auth\\login.php', 110)
 2 SYSTEMPATH\View\View.php(213): include('APPPATH\\Views\\auth\\login.php')
 3 SYSTEMPATH\View\View.php(216): CodeIgniter\View\View->CodeIgniter\View\{closure}()
 4 SYSTEMPATH\Common.php(1142): CodeIgniter\View\View->render('\\App\\Views\\auth\\login', [], true)
 5 VENDORPATH\myth\auth\src\Controllers\AuthController.php(415): view('\\App\\Views\\auth\\login', [...])
 6 VENDORPATH\myth\auth\src\Controllers\AuthController.php(60): Myth\Auth\Controllers\AuthController->_render('\\App\\Views\\auth\\login', [...])
 7 SYSTEMPATH\CodeIgniter.php(902): Myth\Auth\Controllers\AuthController->login()
 8 SYSTEMPATH\CodeIgniter.php(457): CodeIgniter\CodeIgniter->runController(Object(Myth\Auth\Controllers\AuthController))
 9 SYSTEMPATH\CodeIgniter.php(340): CodeIgniter\CodeIgniter->handleRequest(null, Object(Config\Cache), false)
10 FCPATH\index.php(67): CodeIgniter\CodeIgniter->run()
11 SYSTEMPATH\Commands\Server\rewrite.php(46): require_once('FCPATH\\index.php')
CRITICAL - 2024-05-23 19:57:43 --> Undefined variable $web
in APPPATH\Views\auth\login.php on line 110.
 1 APPPATH\Views\auth\login.php(110): CodeIgniter\Debug\Exceptions->errorHandler(2, 'Undefined variable $web', 'APPPATH\\Views\\auth\\login.php', 110)
 2 SYSTEMPATH\View\View.php(213): include('APPPATH\\Views\\auth\\login.php')
 3 SYSTEMPATH\View\View.php(216): CodeIgniter\View\View->CodeIgniter\View\{closure}()
 4 SYSTEMPATH\Common.php(1142): CodeIgniter\View\View->render('\\App\\Views\\auth\\login', [], true)
 5 VENDORPATH\myth\auth\src\Controllers\AuthController.php(417): view('\\App\\Views\\auth\\login', [...])
 6 VENDORPATH\myth\auth\src\Controllers\AuthController.php(62): Myth\Auth\Controllers\AuthController->_render('\\App\\Views\\auth\\login', [...])
 7 SYSTEMPATH\CodeIgniter.php(902): Myth\Auth\Controllers\AuthController->login()
 8 SYSTEMPATH\CodeIgniter.php(457): CodeIgniter\CodeIgniter->runController(Object(Myth\Auth\Controllers\AuthController))
 9 SYSTEMPATH\CodeIgniter.php(340): CodeIgniter\CodeIgniter->handleRequest(null, Object(Config\Cache), false)
10 FCPATH\index.php(67): CodeIgniter\CodeIgniter->run()
11 SYSTEMPATH\Commands\Server\rewrite.php(46): require_once('FCPATH\\index.php')
CRITICAL - 2024-05-23 19:57:46 --> Undefined variable $web
in APPPATH\Views\auth\login.php on line 110.
 1 APPPATH\Views\auth\login.php(110): CodeIgniter\Debug\Exceptions->errorHandler(2, 'Undefined variable $web', 'APPPATH\\Views\\auth\\login.php', 110)
 2 SYSTEMPATH\View\View.php(213): include('APPPATH\\Views\\auth\\login.php')
 3 SYSTEMPATH\View\View.php(216): CodeIgniter\View\View->CodeIgniter\View\{closure}()
 4 SYSTEMPATH\Common.php(1142): CodeIgniter\View\View->render('\\App\\Views\\auth\\login', [], true)
 5 VENDORPATH\myth\auth\src\Controllers\AuthController.php(417): view('\\App\\Views\\auth\\login', [...])
 6 VENDORPATH\myth\auth\src\Controllers\AuthController.php(62): Myth\Auth\Controllers\AuthController->_render('\\App\\Views\\auth\\login', [...])
 7 SYSTEMPATH\CodeIgniter.php(902): Myth\Auth\Controllers\AuthController->login()
 8 SYSTEMPATH\CodeIgniter.php(457): CodeIgniter\CodeIgniter->runController(Object(Myth\Auth\Controllers\AuthController))
 9 SYSTEMPATH\CodeIgniter.php(340): CodeIgniter\CodeIgniter->handleRequest(null, Object(Config\Cache), false)
10 FCPATH\index.php(67): CodeIgniter\CodeIgniter->run()
11 SYSTEMPATH\Commands\Server\rewrite.php(46): require_once('FCPATH\\index.php')
CRITICAL - 2024-05-23 20:12:28 --> Trying to access array offset on value of type null
in APPPATH\Views\toko\v_edit.php on line 13.
 1 APPPATH\Views\toko\v_edit.php(13): CodeIgniter\Debug\Exceptions->errorHandler(2, 'Trying to access array offset on value of type null', 'APPPATH\\Views\\toko\\v_edit.php', 13)
 2 SYSTEMPATH\View\View.php(213): include('APPPATH\\Views\\toko\\v_edit.php')
 3 SYSTEMPATH\View\View.php(216): CodeIgniter\View\View->CodeIgniter\View\{closure}()
 4 SYSTEMPATH\Common.php(1142): CodeIgniter\View\View->render('toko/v_edit', [], true)
 5 APPPATH\Views\v_template_back_end.php(264): view('toko/v_edit')
 6 SYSTEMPATH\View\View.php(213): include('APPPATH\\Views\\v_template_back_end.php')
 7 SYSTEMPATH\View\View.php(216): CodeIgniter\View\View->CodeIgniter\View\{closure}()
 8 SYSTEMPATH\Common.php(1142): CodeIgniter\View\View->render('v_template_back_end', [], true)
 9 APPPATH\Controllers\Toko.php(115): view('v_template_back_end', [...])
10 SYSTEMPATH\CodeIgniter.php(902): App\Controllers\Toko->Edit('plugins', 'overlayScrollbars', 'css', 'OverlayScrollbars.min.css')
11 SYSTEMPATH\CodeIgniter.php(457): CodeIgniter\CodeIgniter->runController(Object(App\Controllers\Toko))
12 SYSTEMPATH\CodeIgniter.php(340): CodeIgniter\CodeIgniter->handleRequest(null, Object(Config\Cache), false)
13 FCPATH\index.php(67): CodeIgniter\CodeIgniter->run()
14 SYSTEMPATH\Commands\Server\rewrite.php(46): require_once('FCPATH\\index.php')
CRITICAL - 2024-05-23 20:12:28 --> Trying to access array offset on value of type null
in APPPATH\Views\toko\v_edit.php on line 13.
 1 APPPATH\Views\toko\v_edit.php(13): CodeIgniter\Debug\Exceptions->errorHandler(2, 'Trying to access array offset on value of type null', 'APPPATH\\Views\\toko\\v_edit.php', 13)
 2 SYSTEMPATH\View\View.php(213): include('APPPATH\\Views\\toko\\v_edit.php')
 3 SYSTEMPATH\View\View.php(216): CodeIgniter\View\View->CodeIgniter\View\{closure}()
 4 SYSTEMPATH\Common.php(1142): CodeIgniter\View\View->render('toko/v_edit', [], true)
 5 APPPATH\Views\v_template_back_end.php(264): view('toko/v_edit')
 6 SYSTEMPATH\View\View.php(213): include('APPPATH\\Views\\v_template_back_end.php')
 7 SYSTEMPATH\View\View.php(216): CodeIgniter\View\View->CodeIgniter\View\{closure}()
 8 SYSTEMPATH\Common.php(1142): CodeIgniter\View\View->render('v_template_back_end', [], true)
 9 APPPATH\Controllers\Toko.php(115): view('v_template_back_end', [...])
10 SYSTEMPATH\CodeIgniter.php(902): App\Controllers\Toko->Edit('highLightTitle.png')
11 SYSTEMPATH\CodeIgniter.php(457): CodeIgniter\CodeIgniter->runController(Object(App\Controllers\Toko))
12 SYSTEMPATH\CodeIgniter.php(340): CodeIgniter\CodeIgniter->handleRequest(null, Object(Config\Cache), false)
13 FCPATH\index.php(67): CodeIgniter\CodeIgniter->run()
14 SYSTEMPATH\Commands\Server\rewrite.php(46): require_once('FCPATH\\index.php')
CRITICAL - 2024-05-23 20:12:49 --> Trying to access array offset on value of type null
in APPPATH\Views\infotoko\v_edit.php on line 14.
 1 APPPATH\Views\infotoko\v_edit.php(14): CodeIgniter\Debug\Exceptions->errorHandler(2, 'Trying to access array offset on value of type null', 'APPPATH\\Views\\infotoko\\v_edit.php', 14)
 2 SYSTEMPATH\View\View.php(213): include('APPPATH\\Views\\infotoko\\v_edit.php')
 3 SYSTEMPATH\View\View.php(216): CodeIgniter\View\View->CodeIgniter\View\{closure}()
 4 SYSTEMPATH\Common.php(1142): CodeIgniter\View\View->render('infotoko/v_edit', [], true)
 5 APPPATH\Views\v_template_back_end.php(264): view('infotoko/v_edit')
 6 SYSTEMPATH\View\View.php(213): include('APPPATH\\Views\\v_template_back_end.php')
 7 SYSTEMPATH\View\View.php(216): CodeIgniter\View\View->CodeIgniter\View\{closure}()
 8 SYSTEMPATH\Common.php(1142): CodeIgniter\View\View->render('v_template_back_end', [], true)
 9 APPPATH\Controllers\InfoToko.php(110): view('v_template_back_end', [...])
10 SYSTEMPATH\CodeIgniter.php(902): App\Controllers\InfoToko->Edit('plugins', 'overlayScrollbars', 'css', 'OverlayScrollbars.min.css')
11 SYSTEMPATH\CodeIgniter.php(457): CodeIgniter\CodeIgniter->runController(Object(App\Controllers\InfoToko))
12 SYSTEMPATH\CodeIgniter.php(340): CodeIgniter\CodeIgniter->handleRequest(null, Object(Config\Cache), false)
13 FCPATH\index.php(67): CodeIgniter\CodeIgniter->run()
14 SYSTEMPATH\Commands\Server\rewrite.php(46): require_once('FCPATH\\index.php')
CRITICAL - 2024-05-23 20:12:49 --> Trying to access array offset on value of type null
in APPPATH\Views\infotoko\v_edit.php on line 14.
 1 APPPATH\Views\infotoko\v_edit.php(14): CodeIgniter\Debug\Exceptions->errorHandler(2, 'Trying to access array offset on value of type null', 'APPPATH\\Views\\infotoko\\v_edit.php', 14)
 2 SYSTEMPATH\View\View.php(213): include('APPPATH\\Views\\infotoko\\v_edit.php')
 3 SYSTEMPATH\View\View.php(216): CodeIgniter\View\View->CodeIgniter\View\{closure}()
 4 SYSTEMPATH\Common.php(1142): CodeIgniter\View\View->render('infotoko/v_edit', [], true)
 5 APPPATH\Views\v_template_back_end.php(264): view('infotoko/v_edit')
 6 SYSTEMPATH\View\View.php(213): include('APPPATH\\Views\\v_template_back_end.php')
 7 SYSTEMPATH\View\View.php(216): CodeIgniter\View\View->CodeIgniter\View\{closure}()
 8 SYSTEMPATH\Common.php(1142): CodeIgniter\View\View->render('v_template_back_end', [], true)
 9 APPPATH\Controllers\InfoToko.php(110): view('v_template_back_end', [...])
10 SYSTEMPATH\CodeIgniter.php(902): App\Controllers\InfoToko->Edit('highLightTitle.png')
11 SYSTEMPATH\CodeIgniter.php(457): CodeIgniter\CodeIgniter->runController(Object(App\Controllers\InfoToko))
12 SYSTEMPATH\CodeIgniter.php(340): CodeIgniter\CodeIgniter->handleRequest(null, Object(Config\Cache), false)
13 FCPATH\index.php(67): CodeIgniter\CodeIgniter->run()
14 SYSTEMPATH\Commands\Server\rewrite.php(46): require_once('FCPATH\\index.php')
CRITICAL - 2024-05-23 20:13:09 --> Trying to access array offset on value of type null
in APPPATH\Views\infotoko\v_edit.php on line 14.
 1 APPPATH\Views\infotoko\v_edit.php(14): CodeIgniter\Debug\Exceptions->errorHandler(2, 'Trying to access array offset on value of type null', 'APPPATH\\Views\\infotoko\\v_edit.php', 14)
 2 SYSTEMPATH\View\View.php(213): include('APPPATH\\Views\\infotoko\\v_edit.php')
 3 SYSTEMPATH\View\View.php(216): CodeIgniter\View\View->CodeIgniter\View\{closure}()
 4 SYSTEMPATH\Common.php(1142): CodeIgniter\View\View->render('infotoko/v_edit', [], true)
 5 APPPATH\Views\v_template_back_end.php(264): view('infotoko/v_edit')
 6 SYSTEMPATH\View\View.php(213): include('APPPATH\\Views\\v_template_back_end.php')
 7 SYSTEMPATH\View\View.php(216): CodeIgniter\View\View->CodeIgniter\View\{closure}()
 8 SYSTEMPATH\Common.php(1142): CodeIgniter\View\View->render('v_template_back_end', [], true)
 9 APPPATH\Controllers\InfoToko.php(110): view('v_template_back_end', [...])
10 SYSTEMPATH\CodeIgniter.php(902): App\Controllers\InfoToko->Edit('plugins', 'overlayScrollbars', 'css', 'OverlayScrollbars.min.css')
11 SYSTEMPATH\CodeIgniter.php(457): CodeIgniter\CodeIgniter->runController(Object(App\Controllers\InfoToko))
12 SYSTEMPATH\CodeIgniter.php(340): CodeIgniter\CodeIgniter->handleRequest(null, Object(Config\Cache), false)
13 FCPATH\index.php(67): CodeIgniter\CodeIgniter->run()
14 SYSTEMPATH\Commands\Server\rewrite.php(46): require_once('FCPATH\\index.php')
CRITICAL - 2024-05-23 20:13:10 --> Trying to access array offset on value of type null
in APPPATH\Views\infotoko\v_edit.php on line 14.
 1 APPPATH\Views\infotoko\v_edit.php(14): CodeIgniter\Debug\Exceptions->errorHandler(2, 'Trying to access array offset on value of type null', 'APPPATH\\Views\\infotoko\\v_edit.php', 14)
 2 SYSTEMPATH\View\View.php(213): include('APPPATH\\Views\\infotoko\\v_edit.php')
 3 SYSTEMPATH\View\View.php(216): CodeIgniter\View\View->CodeIgniter\View\{closure}()
 4 SYSTEMPATH\Common.php(1142): CodeIgniter\View\View->render('infotoko/v_edit', [], true)
 5 APPPATH\Views\v_template_back_end.php(264): view('infotoko/v_edit')
 6 SYSTEMPATH\View\View.php(213): include('APPPATH\\Views\\v_template_back_end.php')
 7 SYSTEMPATH\View\View.php(216): CodeIgniter\View\View->CodeIgniter\View\{closure}()
 8 SYSTEMPATH\Common.php(1142): CodeIgniter\View\View->render('v_template_back_end', [], true)
 9 APPPATH\Controllers\InfoToko.php(110): view('v_template_back_end', [...])
10 SYSTEMPATH\CodeIgniter.php(902): App\Controllers\InfoToko->Edit('highLightTitle.png')
11 SYSTEMPATH\CodeIgniter.php(457): CodeIgniter\CodeIgniter->runController(Object(App\Controllers\InfoToko))
12 SYSTEMPATH\CodeIgniter.php(340): CodeIgniter\CodeIgniter->handleRequest(null, Object(Config\Cache), false)
13 FCPATH\index.php(67): CodeIgniter\CodeIgniter->run()
14 SYSTEMPATH\Commands\Server\rewrite.php(46): require_once('FCPATH\\index.php')
CRITICAL - 2024-05-23 20:13:14 --> Trying to access array offset on value of type null
in APPPATH\Views\infotoko\v_detail.php on line 16.
 1 APPPATH\Views\infotoko\v_detail.php(16): CodeIgniter\Debug\Exceptions->errorHandler(2, 'Trying to access array offset on value of type null', 'APPPATH\\Views\\infotoko\\v_detail.php', 16)
 2 SYSTEMPATH\View\View.php(213): include('APPPATH\\Views\\infotoko\\v_detail.php')
 3 SYSTEMPATH\View\View.php(216): CodeIgniter\View\View->CodeIgniter\View\{closure}()
 4 SYSTEMPATH\Common.php(1142): CodeIgniter\View\View->render('infotoko/v_detail', [], true)
 5 APPPATH\Views\v_template_back_end.php(264): view('infotoko/v_detail')
 6 SYSTEMPATH\View\View.php(213): include('APPPATH\\Views\\v_template_back_end.php')
 7 SYSTEMPATH\View\View.php(216): CodeIgniter\View\View->CodeIgniter\View\{closure}()
 8 SYSTEMPATH\Common.php(1142): CodeIgniter\View\View->render('v_template_back_end', [], true)
 9 APPPATH\Controllers\InfoToko.php(170): view('v_template_back_end', [...])
10 SYSTEMPATH\CodeIgniter.php(902): App\Controllers\InfoToko->Detail('plugins', 'overlayScrollbars', 'css', 'OverlayScrollbars.min.css')
11 SYSTEMPATH\CodeIgniter.php(457): CodeIgniter\CodeIgniter->runController(Object(App\Controllers\InfoToko))
12 SYSTEMPATH\CodeIgniter.php(340): CodeIgniter\CodeIgniter->handleRequest(null, Object(Config\Cache), false)
13 FCPATH\index.php(67): CodeIgniter\CodeIgniter->run()
14 SYSTEMPATH\Commands\Server\rewrite.php(46): require_once('FCPATH\\index.php')
CRITICAL - 2024-05-23 20:13:14 --> Trying to access array offset on value of type null
in APPPATH\Views\infotoko\v_detail.php on line 16.
 1 APPPATH\Views\infotoko\v_detail.php(16): CodeIgniter\Debug\Exceptions->errorHandler(2, 'Trying to access array offset on value of type null', 'APPPATH\\Views\\infotoko\\v_detail.php', 16)
 2 SYSTEMPATH\View\View.php(213): include('APPPATH\\Views\\infotoko\\v_detail.php')
 3 SYSTEMPATH\View\View.php(216): CodeIgniter\View\View->CodeIgniter\View\{closure}()
 4 SYSTEMPATH\Common.php(1142): CodeIgniter\View\View->render('infotoko/v_detail', [], true)
 5 APPPATH\Views\v_template_back_end.php(264): view('infotoko/v_detail')
 6 SYSTEMPATH\View\View.php(213): include('APPPATH\\Views\\v_template_back_end.php')
 7 SYSTEMPATH\View\View.php(216): CodeIgniter\View\View->CodeIgniter\View\{closure}()
 8 SYSTEMPATH\Common.php(1142): CodeIgniter\View\View->render('v_template_back_end', [], true)
 9 APPPATH\Controllers\InfoToko.php(170): view('v_template_back_end', [...])
10 SYSTEMPATH\CodeIgniter.php(902): App\Controllers\InfoToko->Detail('highLightTitle.png')
11 SYSTEMPATH\CodeIgniter.php(457): CodeIgniter\CodeIgniter->runController(Object(App\Controllers\InfoToko))
12 SYSTEMPATH\CodeIgniter.php(340): CodeIgniter\CodeIgniter->handleRequest(null, Object(Config\Cache), false)
13 FCPATH\index.php(67): CodeIgniter\CodeIgniter->run()
14 SYSTEMPATH\Commands\Server\rewrite.php(46): require_once('FCPATH\\index.php')
CRITICAL - 2024-05-23 20:13:36 --> Trying to access array offset on value of type null
in APPPATH\Views\infotoko\v_detail.php on line 16.
 1 APPPATH\Views\infotoko\v_detail.php(16): CodeIgniter\Debug\Exceptions->errorHandler(2, 'Trying to access array offset on value of type null', 'APPPATH\\Views\\infotoko\\v_detail.php', 16)
 2 SYSTEMPATH\View\View.php(213): include('APPPATH\\Views\\infotoko\\v_detail.php')
 3 SYSTEMPATH\View\View.php(216): CodeIgniter\View\View->CodeIgniter\View\{closure}()
 4 SYSTEMPATH\Common.php(1142): CodeIgniter\View\View->render('infotoko/v_detail', [], true)
 5 APPPATH\Views\v_template_back_end.php(264): view('infotoko/v_detail')
 6 SYSTEMPATH\View\View.php(213): include('APPPATH\\Views\\v_template_back_end.php')
 7 SYSTEMPATH\View\View.php(216): CodeIgniter\View\View->CodeIgniter\View\{closure}()
 8 SYSTEMPATH\Common.php(1142): CodeIgniter\View\View->render('v_template_back_end', [], true)
 9 APPPATH\Controllers\InfoToko.php(170): view('v_template_back_end', [...])
10 SYSTEMPATH\CodeIgniter.php(902): App\Controllers\InfoToko->Detail('plugins', 'overlayScrollbars', 'css', 'OverlayScrollbars.min.css')
11 SYSTEMPATH\CodeIgniter.php(457): CodeIgniter\CodeIgniter->runController(Object(App\Controllers\InfoToko))
12 SYSTEMPATH\CodeIgniter.php(340): CodeIgniter\CodeIgniter->handleRequest(null, Object(Config\Cache), false)
13 FCPATH\index.php(67): CodeIgniter\CodeIgniter->run()
14 SYSTEMPATH\Commands\Server\rewrite.php(46): require_once('FCPATH\\index.php')
CRITICAL - 2024-05-23 20:13:36 --> Trying to access array offset on value of type null
in APPPATH\Views\infotoko\v_detail.php on line 16.
 1 APPPATH\Views\infotoko\v_detail.php(16): CodeIgniter\Debug\Exceptions->errorHandler(2, 'Trying to access array offset on value of type null', 'APPPATH\\Views\\infotoko\\v_detail.php', 16)
 2 SYSTEMPATH\View\View.php(213): include('APPPATH\\Views\\infotoko\\v_detail.php')
 3 SYSTEMPATH\View\View.php(216): CodeIgniter\View\View->CodeIgniter\View\{closure}()
 4 SYSTEMPATH\Common.php(1142): CodeIgniter\View\View->render('infotoko/v_detail', [], true)
 5 APPPATH\Views\v_template_back_end.php(264): view('infotoko/v_detail')
 6 SYSTEMPATH\View\View.php(213): include('APPPATH\\Views\\v_template_back_end.php')
 7 SYSTEMPATH\View\View.php(216): CodeIgniter\View\View->CodeIgniter\View\{closure}()
 8 SYSTEMPATH\Common.php(1142): CodeIgniter\View\View->render('v_template_back_end', [], true)
 9 APPPATH\Controllers\InfoToko.php(170): view('v_template_back_end', [...])
10 SYSTEMPATH\CodeIgniter.php(902): App\Controllers\InfoToko->Detail('highLightTitle.png')
11 SYSTEMPATH\CodeIgniter.php(457): CodeIgniter\CodeIgniter->runController(Object(App\Controllers\InfoToko))
12 SYSTEMPATH\CodeIgniter.php(340): CodeIgniter\CodeIgniter->handleRequest(null, Object(Config\Cache), false)
13 FCPATH\index.php(67): CodeIgniter\CodeIgniter->run()
14 SYSTEMPATH\Commands\Server\rewrite.php(46): require_once('FCPATH\\index.php')
CRITICAL - 2024-05-23 20:13:44 --> Trying to access array offset on value of type null
in APPPATH\Views\infotoko\v_detail.php on line 16.
 1 APPPATH\Views\infotoko\v_detail.php(16): CodeIgniter\Debug\Exceptions->errorHandler(2, 'Trying to access array offset on value of type null', 'APPPATH\\Views\\infotoko\\v_detail.php', 16)
 2 SYSTEMPATH\View\View.php(213): include('APPPATH\\Views\\infotoko\\v_detail.php')
 3 SYSTEMPATH\View\View.php(216): CodeIgniter\View\View->CodeIgniter\View\{closure}()
 4 SYSTEMPATH\Common.php(1142): CodeIgniter\View\View->render('infotoko/v_detail', [], true)
 5 APPPATH\Views\v_template_back_end.php(264): view('infotoko/v_detail')
 6 SYSTEMPATH\View\View.php(213): include('APPPATH\\Views\\v_template_back_end.php')
 7 SYSTEMPATH\View\View.php(216): CodeIgniter\View\View->CodeIgniter\View\{closure}()
 8 SYSTEMPATH\Common.php(1142): CodeIgniter\View\View->render('v_template_back_end', [], true)
 9 APPPATH\Controllers\InfoToko.php(170): view('v_template_back_end', [...])
10 SYSTEMPATH\CodeIgniter.php(902): App\Controllers\InfoToko->Detail('plugins', 'overlayScrollbars', 'css', 'OverlayScrollbars.min.css')
11 SYSTEMPATH\CodeIgniter.php(457): CodeIgniter\CodeIgniter->runController(Object(App\Controllers\InfoToko))
12 SYSTEMPATH\CodeIgniter.php(340): CodeIgniter\CodeIgniter->handleRequest(null, Object(Config\Cache), false)
13 FCPATH\index.php(67): CodeIgniter\CodeIgniter->run()
14 SYSTEMPATH\Commands\Server\rewrite.php(46): require_once('FCPATH\\index.php')
CRITICAL - 2024-05-23 20:13:45 --> Trying to access array offset on value of type null
in APPPATH\Views\infotoko\v_detail.php on line 16.
 1 APPPATH\Views\infotoko\v_detail.php(16): CodeIgniter\Debug\Exceptions->errorHandler(2, 'Trying to access array offset on value of type null', 'APPPATH\\Views\\infotoko\\v_detail.php', 16)
 2 SYSTEMPATH\View\View.php(213): include('APPPATH\\Views\\infotoko\\v_detail.php')
 3 SYSTEMPATH\View\View.php(216): CodeIgniter\View\View->CodeIgniter\View\{closure}()
 4 SYSTEMPATH\Common.php(1142): CodeIgniter\View\View->render('infotoko/v_detail', [], true)
 5 APPPATH\Views\v_template_back_end.php(264): view('infotoko/v_detail')
 6 SYSTEMPATH\View\View.php(213): include('APPPATH\\Views\\v_template_back_end.php')
 7 SYSTEMPATH\View\View.php(216): CodeIgniter\View\View->CodeIgniter\View\{closure}()
 8 SYSTEMPATH\Common.php(1142): CodeIgniter\View\View->render('v_template_back_end', [], true)
 9 APPPATH\Controllers\InfoToko.php(170): view('v_template_back_end', [...])
10 SYSTEMPATH\CodeIgniter.php(902): App\Controllers\InfoToko->Detail('highLightTitle.png')
11 SYSTEMPATH\CodeIgniter.php(457): CodeIgniter\CodeIgniter->runController(Object(App\Controllers\InfoToko))
12 SYSTEMPATH\CodeIgniter.php(340): CodeIgniter\CodeIgniter->handleRequest(null, Object(Config\Cache), false)
13 FCPATH\index.php(67): CodeIgniter\CodeIgniter->run()
14 SYSTEMPATH\Commands\Server\rewrite.php(46): require_once('FCPATH\\index.php')
