CRITICAL - 2024-02-28 00:00:47 --> Call to undefined method App\Controllers\Wilayah::validasi()
in APPPATH\Controllers\Wilayah.php on line 40.
 1 SYSTEMPATH\CodeIgniter.php(902): App\Controllers\Wilayah->InsertData()
 2 SYSTEMPATH\CodeIgniter.php(457): CodeIgniter\CodeIgniter->runController(Object(App\Controllers\Wilayah))
 3 SYSTEMPATH\CodeIgniter.php(340): CodeIgniter\CodeIgniter->handleRequest(null, Object(Config\Cache), false)
 4 FCPATH\index.php(67): CodeIgniter\CodeIgniter->run()
CRITICAL - 2024-02-28 00:06:07 --> Call to undefined method App\Controllers\Wilayah::validasi()
in APPPATH\Controllers\Wilayah.php on line 40.
 1 SYSTEMPATH\CodeIgniter.php(902): App\Controllers\Wilayah->InsertData()
 2 SYSTEMPATH\CodeIgniter.php(457): CodeIgniter\CodeIgniter->runController(Object(App\Controllers\Wilayah))
 3 SYSTEMPATH\CodeIgniter.php(340): CodeIgniter\CodeIgniter->handleRequest(null, Object(Config\Cache), false)
 4 FCPATH\index.php(67): CodeIgniter\CodeIgniter->run()
CRITICAL - 2024-02-28 00:06:23 --> Creation of dynamic property App\Controllers\Wilayah::$ModelWilayah is deprecated
in APPPATH\Controllers\Wilayah.php on line 13.
 1 APPPATH\Controllers\Wilayah.php(13): CodeIgniter\Debug\Exceptions->errorHandler(8192, 'Creation of dynamic property App\\Controllers\\Wilayah::$ModelWilayah is deprecated', 'APPPATH\\Controllers\\Wilayah.php', 13)
 2 SYSTEMPATH\CodeIgniter.php(864): App\Controllers\Wilayah->__construct()
 3 SYSTEMPATH\CodeIgniter.php(448): CodeIgniter\CodeIgniter->createController()
 4 SYSTEMPATH\CodeIgniter.php(340): CodeIgniter\CodeIgniter->handleRequest(null, Object(Config\Cache), false)
 5 FCPATH\index.php(67): CodeIgniter\CodeIgniter->run()
CRITICAL - 2024-02-28 03:59:29 --> Call to undefined method App\Controllers\Wilayah::validasi()
in APPPATH\Controllers\Wilayah.php on line 40.
 1 SYSTEMPATH\CodeIgniter.php(902): App\Controllers\Wilayah->InsertData()
 2 SYSTEMPATH\CodeIgniter.php(457): CodeIgniter\CodeIgniter->runController(Object(App\Controllers\Wilayah))
 3 SYSTEMPATH\CodeIgniter.php(340): CodeIgniter\CodeIgniter->handleRequest(null, Object(Config\Cache), false)
 4 FCPATH\index.php(67): CodeIgniter\CodeIgniter->run()
CRITICAL - 2024-02-28 04:00:46 --> Call to undefined method App\Controllers\Wilayah::validasi()
in APPPATH\Controllers\Wilayah.php on line 40.
 1 SYSTEMPATH\CodeIgniter.php(902): App\Controllers\Wilayah->InsertData()
 2 SYSTEMPATH\CodeIgniter.php(457): CodeIgniter\CodeIgniter->runController(Object(App\Controllers\Wilayah))
 3 SYSTEMPATH\CodeIgniter.php(340): CodeIgniter\CodeIgniter->handleRequest(null, Object(Config\Cache), false)
 4 FCPATH\index.php(67): CodeIgniter\CodeIgniter->run()
CRITICAL - 2024-02-28 04:05:35 --> Undefined property: App\Controllers\Wilayah::$ModelSetting
in APPPATH\Controllers\Wilayah.php on line 22.
 1 APPPATH\Controllers\Wilayah.php(22): CodeIgniter\Debug\Exceptions->errorHandler(2, 'Undefined property: App\\Controllers\\Wilayah::$ModelSetting', 'APPPATH\\Controllers\\Wilayah.php', 22)
 2 SYSTEMPATH\CodeIgniter.php(902): App\Controllers\Wilayah->index()
 3 SYSTEMPATH\CodeIgniter.php(457): CodeIgniter\CodeIgniter->runController(Object(App\Controllers\Wilayah))
 4 SYSTEMPATH\CodeIgniter.php(340): CodeIgniter\CodeIgniter->handleRequest(null, Object(Config\Cache), false)
 5 FCPATH\index.php(67): CodeIgniter\CodeIgniter->run()
CRITICAL - 2024-02-28 04:14:57 --> Undefined variable $copyright
in APPPATH\Views\v_template_back_end.php on line 227.
 1 APPPATH\Views\v_template_back_end.php(227): CodeIgniter\Debug\Exceptions->errorHandler(2, 'Undefined variable $copyright', 'APPPATH\\Views\\v_template_back_end.php', 227)
 2 SYSTEMPATH\View\View.php(213): include('APPPATH\\Views\\v_template_back_end.php')
 3 SYSTEMPATH\View\View.php(216): CodeIgniter\View\View->CodeIgniter\View\{closure}()
 4 SYSTEMPATH\Common.php(1142): CodeIgniter\View\View->render('v_template_back_end', [], true)
 5 APPPATH\Controllers\Wilayah.php(34): view('v_template_back_end', [...])
 6 SYSTEMPATH\CodeIgniter.php(902): App\Controllers\Wilayah->Input()
 7 SYSTEMPATH\CodeIgniter.php(457): CodeIgniter\CodeIgniter->runController(Object(App\Controllers\Wilayah))
 8 SYSTEMPATH\CodeIgniter.php(340): CodeIgniter\CodeIgniter->handleRequest(null, Object(Config\Cache), false)
 9 FCPATH\index.php(67): CodeIgniter\CodeIgniter->run()
CRITICAL - 2024-02-28 04:14:59 --> Undefined variable $copyright
in APPPATH\Views\v_template_back_end.php on line 227.
 1 APPPATH\Views\v_template_back_end.php(227): CodeIgniter\Debug\Exceptions->errorHandler(2, 'Undefined variable $copyright', 'APPPATH\\Views\\v_template_back_end.php', 227)
 2 SYSTEMPATH\View\View.php(213): include('APPPATH\\Views\\v_template_back_end.php')
 3 SYSTEMPATH\View\View.php(216): CodeIgniter\View\View->CodeIgniter\View\{closure}()
 4 SYSTEMPATH\Common.php(1142): CodeIgniter\View\View->render('v_template_back_end', [], true)
 5 APPPATH\Controllers\Wilayah.php(34): view('v_template_back_end', [...])
 6 SYSTEMPATH\CodeIgniter.php(902): App\Controllers\Wilayah->Input()
 7 SYSTEMPATH\CodeIgniter.php(457): CodeIgniter\CodeIgniter->runController(Object(App\Controllers\Wilayah))
 8 SYSTEMPATH\CodeIgniter.php(340): CodeIgniter\CodeIgniter->handleRequest(null, Object(Config\Cache), false)
 9 FCPATH\index.php(67): CodeIgniter\CodeIgniter->run()
CRITICAL - 2024-02-28 04:15:05 --> Undefined variable $copyright
in APPPATH\Views\v_template_back_end.php on line 227.
 1 APPPATH\Views\v_template_back_end.php(227): CodeIgniter\Debug\Exceptions->errorHandler(2, 'Undefined variable $copyright', 'APPPATH\\Views\\v_template_back_end.php', 227)
 2 SYSTEMPATH\View\View.php(213): include('APPPATH\\Views\\v_template_back_end.php')
 3 SYSTEMPATH\View\View.php(216): CodeIgniter\View\View->CodeIgniter\View\{closure}()
 4 SYSTEMPATH\Common.php(1142): CodeIgniter\View\View->render('v_template_back_end', [], true)
 5 APPPATH\Controllers\Wilayah.php(34): view('v_template_back_end', [...])
 6 SYSTEMPATH\CodeIgniter.php(902): App\Controllers\Wilayah->Input()
 7 SYSTEMPATH\CodeIgniter.php(457): CodeIgniter\CodeIgniter->runController(Object(App\Controllers\Wilayah))
 8 SYSTEMPATH\CodeIgniter.php(340): CodeIgniter\CodeIgniter->handleRequest(null, Object(Config\Cache), false)
 9 FCPATH\index.php(67): CodeIgniter\CodeIgniter->run()
CRITICAL - 2024-02-28 04:16:45 --> Undefined variable $copyright
in APPPATH\Views\v_template_back_end.php on line 227.
 1 APPPATH\Views\v_template_back_end.php(227): CodeIgniter\Debug\Exceptions->errorHandler(2, 'Undefined variable $copyright', 'APPPATH\\Views\\v_template_back_end.php', 227)
 2 SYSTEMPATH\View\View.php(213): include('APPPATH\\Views\\v_template_back_end.php')
 3 SYSTEMPATH\View\View.php(216): CodeIgniter\View\View->CodeIgniter\View\{closure}()
 4 SYSTEMPATH\Common.php(1142): CodeIgniter\View\View->render('v_template_back_end', [], true)
 5 APPPATH\Controllers\Wilayah.php(34): view('v_template_back_end', [...])
 6 SYSTEMPATH\CodeIgniter.php(902): App\Controllers\Wilayah->Input()
 7 SYSTEMPATH\CodeIgniter.php(457): CodeIgniter\CodeIgniter->runController(Object(App\Controllers\Wilayah))
 8 SYSTEMPATH\CodeIgniter.php(340): CodeIgniter\CodeIgniter->handleRequest(null, Object(Config\Cache), false)
 9 FCPATH\index.php(67): CodeIgniter\CodeIgniter->run()
CRITICAL - 2024-02-28 04:18:12 --> Call to undefined method App\Controllers\Wilayah::validasi()
in APPPATH\Controllers\Wilayah.php on line 40.
 1 SYSTEMPATH\CodeIgniter.php(902): App\Controllers\Wilayah->InsertData()
 2 SYSTEMPATH\CodeIgniter.php(457): CodeIgniter\CodeIgniter->runController(Object(App\Controllers\Wilayah))
 3 SYSTEMPATH\CodeIgniter.php(340): CodeIgniter\CodeIgniter->handleRequest(null, Object(Config\Cache), false)
 4 FCPATH\index.php(67): CodeIgniter\CodeIgniter->run()
CRITICAL - 2024-02-28 04:35:13 --> Undefined variable $copyright
in APPPATH\Views\v_template_back_end.php on line 227.
 1 APPPATH\Views\v_template_back_end.php(227): CodeIgniter\Debug\Exceptions->errorHandler(2, 'Undefined variable $copyright', 'APPPATH\\Views\\v_template_back_end.php', 227)
 2 SYSTEMPATH\View\View.php(213): include('APPPATH\\Views\\v_template_back_end.php')
 3 SYSTEMPATH\View\View.php(216): CodeIgniter\View\View->CodeIgniter\View\{closure}()
 4 SYSTEMPATH\Common.php(1142): CodeIgniter\View\View->render('v_template_back_end', [], true)
 5 APPPATH\Controllers\Wilayah.php(34): view('v_template_back_end', [...])
 6 SYSTEMPATH\CodeIgniter.php(902): App\Controllers\Wilayah->Input()
 7 SYSTEMPATH\CodeIgniter.php(457): CodeIgniter\CodeIgniter->runController(Object(App\Controllers\Wilayah))
 8 SYSTEMPATH\CodeIgniter.php(340): CodeIgniter\CodeIgniter->handleRequest(null, Object(Config\Cache), false)
 9 FCPATH\index.php(67): CodeIgniter\CodeIgniter->run()
CRITICAL - 2024-02-28 04:38:22 --> Undefined variable $copyright
in APPPATH\Views\v_template_back_end.php on line 227.
 1 APPPATH\Views\v_template_back_end.php(227): CodeIgniter\Debug\Exceptions->errorHandler(2, 'Undefined variable $copyright', 'APPPATH\\Views\\v_template_back_end.php', 227)
 2 SYSTEMPATH\View\View.php(213): include('APPPATH\\Views\\v_template_back_end.php')
 3 SYSTEMPATH\View\View.php(216): CodeIgniter\View\View->CodeIgniter\View\{closure}()
 4 SYSTEMPATH\Common.php(1142): CodeIgniter\View\View->render('v_template_back_end', [], true)
 5 APPPATH\Controllers\Wilayah.php(34): view('v_template_back_end', [...])
 6 SYSTEMPATH\CodeIgniter.php(902): App\Controllers\Wilayah->Input()
 7 SYSTEMPATH\CodeIgniter.php(457): CodeIgniter\CodeIgniter->runController(Object(App\Controllers\Wilayah))
 8 SYSTEMPATH\CodeIgniter.php(340): CodeIgniter\CodeIgniter->handleRequest(null, Object(Config\Cache), false)
 9 FCPATH\index.php(67): CodeIgniter\CodeIgniter->run()
CRITICAL - 2024-02-28 04:38:30 --> Undefined variable $copyright
in APPPATH\Views\v_template_back_end.php on line 227.
 1 APPPATH\Views\v_template_back_end.php(227): CodeIgniter\Debug\Exceptions->errorHandler(2, 'Undefined variable $copyright', 'APPPATH\\Views\\v_template_back_end.php', 227)
 2 SYSTEMPATH\View\View.php(213): include('APPPATH\\Views\\v_template_back_end.php')
 3 SYSTEMPATH\View\View.php(216): CodeIgniter\View\View->CodeIgniter\View\{closure}()
 4 SYSTEMPATH\Common.php(1142): CodeIgniter\View\View->render('v_template_back_end', [], true)
 5 APPPATH\Controllers\Wilayah.php(34): view('v_template_back_end', [...])
 6 SYSTEMPATH\CodeIgniter.php(902): App\Controllers\Wilayah->Input()
 7 SYSTEMPATH\CodeIgniter.php(457): CodeIgniter\CodeIgniter->runController(Object(App\Controllers\Wilayah))
 8 SYSTEMPATH\CodeIgniter.php(340): CodeIgniter\CodeIgniter->handleRequest(null, Object(Config\Cache), false)
 9 FCPATH\index.php(67): CodeIgniter\CodeIgniter->run()
CRITICAL - 2024-02-28 04:38:34 --> Undefined variable $copyright
in APPPATH\Views\v_template_back_end.php on line 227.
 1 APPPATH\Views\v_template_back_end.php(227): CodeIgniter\Debug\Exceptions->errorHandler(2, 'Undefined variable $copyright', 'APPPATH\\Views\\v_template_back_end.php', 227)
 2 SYSTEMPATH\View\View.php(213): include('APPPATH\\Views\\v_template_back_end.php')
 3 SYSTEMPATH\View\View.php(216): CodeIgniter\View\View->CodeIgniter\View\{closure}()
 4 SYSTEMPATH\Common.php(1142): CodeIgniter\View\View->render('v_template_back_end', [], true)
 5 APPPATH\Controllers\Wilayah.php(34): view('v_template_back_end', [...])
 6 SYSTEMPATH\CodeIgniter.php(902): App\Controllers\Wilayah->Input()
 7 SYSTEMPATH\CodeIgniter.php(457): CodeIgniter\CodeIgniter->runController(Object(App\Controllers\Wilayah))
 8 SYSTEMPATH\CodeIgniter.php(340): CodeIgniter\CodeIgniter->handleRequest(null, Object(Config\Cache), false)
 9 FCPATH\index.php(67): CodeIgniter\CodeIgniter->run()
CRITICAL - 2024-02-28 04:40:28 --> Undefined variable $copyright
in APPPATH\Views\v_template_back_end.php on line 227.
 1 APPPATH\Views\v_template_back_end.php(227): CodeIgniter\Debug\Exceptions->errorHandler(2, 'Undefined variable $copyright', 'APPPATH\\Views\\v_template_back_end.php', 227)
 2 SYSTEMPATH\View\View.php(213): include('APPPATH\\Views\\v_template_back_end.php')
 3 SYSTEMPATH\View\View.php(216): CodeIgniter\View\View->CodeIgniter\View\{closure}()
 4 SYSTEMPATH\Common.php(1142): CodeIgniter\View\View->render('v_template_back_end', [], true)
 5 APPPATH\Controllers\Wilayah.php(34): view('v_template_back_end', [...])
 6 SYSTEMPATH\CodeIgniter.php(902): App\Controllers\Wilayah->Input()
 7 SYSTEMPATH\CodeIgniter.php(457): CodeIgniter\CodeIgniter->runController(Object(App\Controllers\Wilayah))
 8 SYSTEMPATH\CodeIgniter.php(340): CodeIgniter\CodeIgniter->handleRequest(null, Object(Config\Cache), false)
 9 FCPATH\index.php(67): CodeIgniter\CodeIgniter->run()
CRITICAL - 2024-02-28 04:40:38 --> Undefined variable $copyright
in APPPATH\Views\v_template_back_end.php on line 227.
 1 APPPATH\Views\v_template_back_end.php(227): CodeIgniter\Debug\Exceptions->errorHandler(2, 'Undefined variable $copyright', 'APPPATH\\Views\\v_template_back_end.php', 227)
 2 SYSTEMPATH\View\View.php(213): include('APPPATH\\Views\\v_template_back_end.php')
 3 SYSTEMPATH\View\View.php(216): CodeIgniter\View\View->CodeIgniter\View\{closure}()
 4 SYSTEMPATH\Common.php(1142): CodeIgniter\View\View->render('v_template_back_end', [], true)
 5 APPPATH\Controllers\Wilayah.php(34): view('v_template_back_end', [...])
 6 SYSTEMPATH\CodeIgniter.php(902): App\Controllers\Wilayah->Input()
 7 SYSTEMPATH\CodeIgniter.php(457): CodeIgniter\CodeIgniter->runController(Object(App\Controllers\Wilayah))
 8 SYSTEMPATH\CodeIgniter.php(340): CodeIgniter\CodeIgniter->handleRequest(null, Object(Config\Cache), false)
 9 FCPATH\index.php(67): CodeIgniter\CodeIgniter->run()
CRITICAL - 2024-02-28 04:40:39 --> Undefined variable $copyright
in APPPATH\Views\v_template_back_end.php on line 227.
 1 APPPATH\Views\v_template_back_end.php(227): CodeIgniter\Debug\Exceptions->errorHandler(2, 'Undefined variable $copyright', 'APPPATH\\Views\\v_template_back_end.php', 227)
 2 SYSTEMPATH\View\View.php(213): include('APPPATH\\Views\\v_template_back_end.php')
 3 SYSTEMPATH\View\View.php(216): CodeIgniter\View\View->CodeIgniter\View\{closure}()
 4 SYSTEMPATH\Common.php(1142): CodeIgniter\View\View->render('v_template_back_end', [], true)
 5 APPPATH\Controllers\Wilayah.php(34): view('v_template_back_end', [...])
 6 SYSTEMPATH\CodeIgniter.php(902): App\Controllers\Wilayah->Input()
 7 SYSTEMPATH\CodeIgniter.php(457): CodeIgniter\CodeIgniter->runController(Object(App\Controllers\Wilayah))
 8 SYSTEMPATH\CodeIgniter.php(340): CodeIgniter\CodeIgniter->handleRequest(null, Object(Config\Cache), false)
 9 FCPATH\index.php(67): CodeIgniter\CodeIgniter->run()
CRITICAL - 2024-02-28 04:40:40 --> Undefined variable $copyright
in APPPATH\Views\v_template_back_end.php on line 227.
 1 APPPATH\Views\v_template_back_end.php(227): CodeIgniter\Debug\Exceptions->errorHandler(2, 'Undefined variable $copyright', 'APPPATH\\Views\\v_template_back_end.php', 227)
 2 SYSTEMPATH\View\View.php(213): include('APPPATH\\Views\\v_template_back_end.php')
 3 SYSTEMPATH\View\View.php(216): CodeIgniter\View\View->CodeIgniter\View\{closure}()
 4 SYSTEMPATH\Common.php(1142): CodeIgniter\View\View->render('v_template_back_end', [], true)
 5 APPPATH\Controllers\Wilayah.php(34): view('v_template_back_end', [...])
 6 SYSTEMPATH\CodeIgniter.php(902): App\Controllers\Wilayah->Input()
 7 SYSTEMPATH\CodeIgniter.php(457): CodeIgniter\CodeIgniter->runController(Object(App\Controllers\Wilayah))
 8 SYSTEMPATH\CodeIgniter.php(340): CodeIgniter\CodeIgniter->handleRequest(null, Object(Config\Cache), false)
 9 FCPATH\index.php(67): CodeIgniter\CodeIgniter->run()
CRITICAL - 2024-02-28 04:40:40 --> Undefined variable $copyright
in APPPATH\Views\v_template_back_end.php on line 227.
 1 APPPATH\Views\v_template_back_end.php(227): CodeIgniter\Debug\Exceptions->errorHandler(2, 'Undefined variable $copyright', 'APPPATH\\Views\\v_template_back_end.php', 227)
 2 SYSTEMPATH\View\View.php(213): include('APPPATH\\Views\\v_template_back_end.php')
 3 SYSTEMPATH\View\View.php(216): CodeIgniter\View\View->CodeIgniter\View\{closure}()
 4 SYSTEMPATH\Common.php(1142): CodeIgniter\View\View->render('v_template_back_end', [], true)
 5 APPPATH\Controllers\Wilayah.php(34): view('v_template_back_end', [...])
 6 SYSTEMPATH\CodeIgniter.php(902): App\Controllers\Wilayah->Input()
 7 SYSTEMPATH\CodeIgniter.php(457): CodeIgniter\CodeIgniter->runController(Object(App\Controllers\Wilayah))
 8 SYSTEMPATH\CodeIgniter.php(340): CodeIgniter\CodeIgniter->handleRequest(null, Object(Config\Cache), false)
 9 FCPATH\index.php(67): CodeIgniter\CodeIgniter->run()
CRITICAL - 2024-02-28 04:40:40 --> Undefined variable $copyright
in APPPATH\Views\v_template_back_end.php on line 227.
 1 APPPATH\Views\v_template_back_end.php(227): CodeIgniter\Debug\Exceptions->errorHandler(2, 'Undefined variable $copyright', 'APPPATH\\Views\\v_template_back_end.php', 227)
 2 SYSTEMPATH\View\View.php(213): include('APPPATH\\Views\\v_template_back_end.php')
 3 SYSTEMPATH\View\View.php(216): CodeIgniter\View\View->CodeIgniter\View\{closure}()
 4 SYSTEMPATH\Common.php(1142): CodeIgniter\View\View->render('v_template_back_end', [], true)
 5 APPPATH\Controllers\Wilayah.php(34): view('v_template_back_end', [...])
 6 SYSTEMPATH\CodeIgniter.php(902): App\Controllers\Wilayah->Input()
 7 SYSTEMPATH\CodeIgniter.php(457): CodeIgniter\CodeIgniter->runController(Object(App\Controllers\Wilayah))
 8 SYSTEMPATH\CodeIgniter.php(340): CodeIgniter\CodeIgniter->handleRequest(null, Object(Config\Cache), false)
 9 FCPATH\index.php(67): CodeIgniter\CodeIgniter->run()
CRITICAL - 2024-02-28 04:40:41 --> Undefined variable $copyright
in APPPATH\Views\v_template_back_end.php on line 227.
 1 APPPATH\Views\v_template_back_end.php(227): CodeIgniter\Debug\Exceptions->errorHandler(2, 'Undefined variable $copyright', 'APPPATH\\Views\\v_template_back_end.php', 227)
 2 SYSTEMPATH\View\View.php(213): include('APPPATH\\Views\\v_template_back_end.php')
 3 SYSTEMPATH\View\View.php(216): CodeIgniter\View\View->CodeIgniter\View\{closure}()
 4 SYSTEMPATH\Common.php(1142): CodeIgniter\View\View->render('v_template_back_end', [], true)
 5 APPPATH\Controllers\Wilayah.php(34): view('v_template_back_end', [...])
 6 SYSTEMPATH\CodeIgniter.php(902): App\Controllers\Wilayah->Input()
 7 SYSTEMPATH\CodeIgniter.php(457): CodeIgniter\CodeIgniter->runController(Object(App\Controllers\Wilayah))
 8 SYSTEMPATH\CodeIgniter.php(340): CodeIgniter\CodeIgniter->handleRequest(null, Object(Config\Cache), false)
 9 FCPATH\index.php(67): CodeIgniter\CodeIgniter->run()
CRITICAL - 2024-02-28 04:40:41 --> Undefined variable $copyright
in APPPATH\Views\v_template_back_end.php on line 227.
 1 APPPATH\Views\v_template_back_end.php(227): CodeIgniter\Debug\Exceptions->errorHandler(2, 'Undefined variable $copyright', 'APPPATH\\Views\\v_template_back_end.php', 227)
 2 SYSTEMPATH\View\View.php(213): include('APPPATH\\Views\\v_template_back_end.php')
 3 SYSTEMPATH\View\View.php(216): CodeIgniter\View\View->CodeIgniter\View\{closure}()
 4 SYSTEMPATH\Common.php(1142): CodeIgniter\View\View->render('v_template_back_end', [], true)
 5 APPPATH\Controllers\Wilayah.php(34): view('v_template_back_end', [...])
 6 SYSTEMPATH\CodeIgniter.php(902): App\Controllers\Wilayah->Input()
 7 SYSTEMPATH\CodeIgniter.php(457): CodeIgniter\CodeIgniter->runController(Object(App\Controllers\Wilayah))
 8 SYSTEMPATH\CodeIgniter.php(340): CodeIgniter\CodeIgniter->handleRequest(null, Object(Config\Cache), false)
 9 FCPATH\index.php(67): CodeIgniter\CodeIgniter->run()
CRITICAL - 2024-02-28 04:40:42 --> Undefined variable $copyright
in APPPATH\Views\v_template_back_end.php on line 227.
 1 APPPATH\Views\v_template_back_end.php(227): CodeIgniter\Debug\Exceptions->errorHandler(2, 'Undefined variable $copyright', 'APPPATH\\Views\\v_template_back_end.php', 227)
 2 SYSTEMPATH\View\View.php(213): include('APPPATH\\Views\\v_template_back_end.php')
 3 SYSTEMPATH\View\View.php(216): CodeIgniter\View\View->CodeIgniter\View\{closure}()
 4 SYSTEMPATH\Common.php(1142): CodeIgniter\View\View->render('v_template_back_end', [], true)
 5 APPPATH\Controllers\Wilayah.php(34): view('v_template_back_end', [...])
 6 SYSTEMPATH\CodeIgniter.php(902): App\Controllers\Wilayah->Input()
 7 SYSTEMPATH\CodeIgniter.php(457): CodeIgniter\CodeIgniter->runController(Object(App\Controllers\Wilayah))
 8 SYSTEMPATH\CodeIgniter.php(340): CodeIgniter\CodeIgniter->handleRequest(null, Object(Config\Cache), false)
 9 FCPATH\index.php(67): CodeIgniter\CodeIgniter->run()
CRITICAL - 2024-02-28 04:42:57 --> Undefined variable $copyright
in APPPATH\Views\v_template_back_end.php on line 227.
 1 APPPATH\Views\v_template_back_end.php(227): CodeIgniter\Debug\Exceptions->errorHandler(2, 'Undefined variable $copyright', 'APPPATH\\Views\\v_template_back_end.php', 227)
 2 SYSTEMPATH\View\View.php(213): include('APPPATH\\Views\\v_template_back_end.php')
 3 SYSTEMPATH\View\View.php(216): CodeIgniter\View\View->CodeIgniter\View\{closure}()
 4 SYSTEMPATH\Common.php(1142): CodeIgniter\View\View->render('v_template_back_end', [], true)
 5 APPPATH\Controllers\Wilayah.php(34): view('v_template_back_end', [...])
 6 SYSTEMPATH\CodeIgniter.php(902): App\Controllers\Wilayah->Input()
 7 SYSTEMPATH\CodeIgniter.php(457): CodeIgniter\CodeIgniter->runController(Object(App\Controllers\Wilayah))
 8 SYSTEMPATH\CodeIgniter.php(340): CodeIgniter\CodeIgniter->handleRequest(null, Object(Config\Cache), false)
 9 FCPATH\index.php(67): CodeIgniter\CodeIgniter->run()
CRITICAL - 2024-02-28 04:44:02 --> Invalid file: wilayah/v_input.php
in SYSTEMPATH\Exceptions\FrameworkException.php on line 33.
 1 SYSTEMPATH\View\View.php(201): CodeIgniter\Exceptions\FrameworkException::forInvalidFile('wilayah/v_input.php')
 2 SYSTEMPATH\Common.php(1142): CodeIgniter\View\View->render('wilayah/v_input', [], true)
 3 APPPATH\Views\v_template_back_end.php(212): view('wilayah/v_input')
 4 SYSTEMPATH\View\View.php(213): include('APPPATH\\Views\\v_template_back_end.php')
 5 SYSTEMPATH\View\View.php(216): CodeIgniter\View\View->CodeIgniter\View\{closure}()
 6 SYSTEMPATH\Common.php(1142): CodeIgniter\View\View->render('v_template_back_end', [], true)
 7 APPPATH\Controllers\Wilayah.php(34): view('v_template_back_end', [...])
 8 SYSTEMPATH\CodeIgniter.php(902): App\Controllers\Wilayah->Input()
 9 SYSTEMPATH\CodeIgniter.php(457): CodeIgniter\CodeIgniter->runController(Object(App\Controllers\Wilayah))
10 SYSTEMPATH\CodeIgniter.php(340): CodeIgniter\CodeIgniter->handleRequest(null, Object(Config\Cache), false)
11 FCPATH\index.php(67): CodeIgniter\CodeIgniter->run()
CRITICAL - 2024-02-28 04:50:47 --> Undefined variable $copyright
in APPPATH\Views\v_template_back_end.php on line 227.
 1 APPPATH\Views\v_template_back_end.php(227): CodeIgniter\Debug\Exceptions->errorHandler(2, 'Undefined variable $copyright', 'APPPATH\\Views\\v_template_back_end.php', 227)
 2 SYSTEMPATH\View\View.php(213): include('APPPATH\\Views\\v_template_back_end.php')
 3 SYSTEMPATH\View\View.php(216): CodeIgniter\View\View->CodeIgniter\View\{closure}()
 4 SYSTEMPATH\Common.php(1142): CodeIgniter\View\View->render('v_template_back_end', [], true)
 5 APPPATH\Controllers\Wilayah.php(34): view('v_template_back_end', [...])
 6 SYSTEMPATH\CodeIgniter.php(902): App\Controllers\Wilayah->Input()
 7 SYSTEMPATH\CodeIgniter.php(457): CodeIgniter\CodeIgniter->runController(Object(App\Controllers\Wilayah))
 8 SYSTEMPATH\CodeIgniter.php(340): CodeIgniter\CodeIgniter->handleRequest(null, Object(Config\Cache), false)
 9 FCPATH\index.php(67): CodeIgniter\CodeIgniter->run()
CRITICAL - 2024-02-28 04:51:39 --> Undefined variable $copyright
in APPPATH\Views\v_template_back_end.php on line 227.
 1 APPPATH\Views\v_template_back_end.php(227): CodeIgniter\Debug\Exceptions->errorHandler(2, 'Undefined variable $copyright', 'APPPATH\\Views\\v_template_back_end.php', 227)
 2 SYSTEMPATH\View\View.php(213): include('APPPATH\\Views\\v_template_back_end.php')
 3 SYSTEMPATH\View\View.php(216): CodeIgniter\View\View->CodeIgniter\View\{closure}()
 4 SYSTEMPATH\Common.php(1142): CodeIgniter\View\View->render('v_template_back_end', [], true)
 5 APPPATH\Controllers\Wilayah.php(34): view('v_template_back_end', [...])
 6 SYSTEMPATH\CodeIgniter.php(902): App\Controllers\Wilayah->input()
 7 SYSTEMPATH\CodeIgniter.php(457): CodeIgniter\CodeIgniter->runController(Object(App\Controllers\Wilayah))
 8 SYSTEMPATH\CodeIgniter.php(340): CodeIgniter\CodeIgniter->handleRequest(null, Object(Config\Cache), false)
 9 FCPATH\index.php(67): CodeIgniter\CodeIgniter->run()
CRITICAL - 2024-02-28 04:52:23 --> Undefined variable $wilayah
in APPPATH\Views\wilayah\v_index.php on line 26.
 1 APPPATH\Views\wilayah\v_index.php(26): CodeIgniter\Debug\Exceptions->errorHandler(2, 'Undefined variable $wilayah', 'APPPATH\\Views\\wilayah\\v_index.php', 26)
 2 SYSTEMPATH\View\View.php(213): include('APPPATH\\Views\\wilayah\\v_index.php')
 3 SYSTEMPATH\View\View.php(216): CodeIgniter\View\View->CodeIgniter\View\{closure}()
 4 SYSTEMPATH\Common.php(1142): CodeIgniter\View\View->render('wilayah/v_index', [], true)
 5 APPPATH\Views\v_template_back_end.php(212): view('wilayah/v_index')
 6 SYSTEMPATH\View\View.php(213): include('APPPATH\\Views\\v_template_back_end.php')
 7 SYSTEMPATH\View\View.php(216): CodeIgniter\View\View->CodeIgniter\View\{closure}()
 8 SYSTEMPATH\Common.php(1142): CodeIgniter\View\View->render('v_template_back_end', [], true)
 9 APPPATH\Controllers\Wilayah.php(34): view('v_template_back_end', [...])
10 SYSTEMPATH\CodeIgniter.php(902): App\Controllers\Wilayah->Input()
11 SYSTEMPATH\CodeIgniter.php(457): CodeIgniter\CodeIgniter->runController(Object(App\Controllers\Wilayah))
12 SYSTEMPATH\CodeIgniter.php(340): CodeIgniter\CodeIgniter->handleRequest(null, Object(Config\Cache), false)
13 FCPATH\index.php(67): CodeIgniter\CodeIgniter->run()
CRITICAL - 2024-02-28 04:53:00 --> Undefined variable $copyright
in APPPATH\Views\v_template_back_end.php on line 227.
 1 APPPATH\Views\v_template_back_end.php(227): CodeIgniter\Debug\Exceptions->errorHandler(2, 'Undefined variable $copyright', 'APPPATH\\Views\\v_template_back_end.php', 227)
 2 SYSTEMPATH\View\View.php(213): include('APPPATH\\Views\\v_template_back_end.php')
 3 SYSTEMPATH\View\View.php(216): CodeIgniter\View\View->CodeIgniter\View\{closure}()
 4 SYSTEMPATH\Common.php(1142): CodeIgniter\View\View->render('v_template_back_end', [], true)
 5 APPPATH\Controllers\Wilayah.php(34): view('v_template_back_end', [...])
 6 SYSTEMPATH\CodeIgniter.php(902): App\Controllers\Wilayah->Input()
 7 SYSTEMPATH\CodeIgniter.php(457): CodeIgniter\CodeIgniter->runController(Object(App\Controllers\Wilayah))
 8 SYSTEMPATH\CodeIgniter.php(340): CodeIgniter\CodeIgniter->handleRequest(null, Object(Config\Cache), false)
 9 FCPATH\index.php(67): CodeIgniter\CodeIgniter->run()
CRITICAL - 2024-02-28 04:54:50 --> Undefined variable $wilayah
in APPPATH\Views\wilayah\v_index.php on line 26.
 1 APPPATH\Views\wilayah\v_index.php(26): CodeIgniter\Debug\Exceptions->errorHandler(2, 'Undefined variable $wilayah', 'APPPATH\\Views\\wilayah\\v_index.php', 26)
 2 SYSTEMPATH\View\View.php(213): include('APPPATH\\Views\\wilayah\\v_index.php')
 3 SYSTEMPATH\View\View.php(216): CodeIgniter\View\View->CodeIgniter\View\{closure}()
 4 SYSTEMPATH\Common.php(1142): CodeIgniter\View\View->render('wilayah/v_index', [], true)
 5 APPPATH\Views\v_template_back_end.php(212): view('wilayah/v_index')
 6 SYSTEMPATH\View\View.php(213): include('APPPATH\\Views\\v_template_back_end.php')
 7 SYSTEMPATH\View\View.php(216): CodeIgniter\View\View->CodeIgniter\View\{closure}()
 8 SYSTEMPATH\Common.php(1142): CodeIgniter\View\View->render('v_template_back_end', [], true)
 9 APPPATH\Controllers\Wilayah.php(34): view('v_template_back_end', [...])
10 SYSTEMPATH\CodeIgniter.php(902): App\Controllers\Wilayah->Input()
11 SYSTEMPATH\CodeIgniter.php(457): CodeIgniter\CodeIgniter->runController(Object(App\Controllers\Wilayah))
12 SYSTEMPATH\CodeIgniter.php(340): CodeIgniter\CodeIgniter->handleRequest(null, Object(Config\Cache), false)
13 FCPATH\index.php(67): CodeIgniter\CodeIgniter->run()
CRITICAL - 2024-02-28 04:55:09 --> Undefined variable $wilayah
in APPPATH\Views\wilayah\v_index.php on line 26.
 1 APPPATH\Views\wilayah\v_index.php(26): CodeIgniter\Debug\Exceptions->errorHandler(2, 'Undefined variable $wilayah', 'APPPATH\\Views\\wilayah\\v_index.php', 26)
 2 SYSTEMPATH\View\View.php(213): include('APPPATH\\Views\\wilayah\\v_index.php')
 3 SYSTEMPATH\View\View.php(216): CodeIgniter\View\View->CodeIgniter\View\{closure}()
 4 SYSTEMPATH\Common.php(1142): CodeIgniter\View\View->render('wilayah/v_index', [], true)
 5 APPPATH\Views\v_template_back_end.php(212): view('wilayah/v_index')
 6 SYSTEMPATH\View\View.php(213): include('APPPATH\\Views\\v_template_back_end.php')
 7 SYSTEMPATH\View\View.php(216): CodeIgniter\View\View->CodeIgniter\View\{closure}()
 8 SYSTEMPATH\Common.php(1142): CodeIgniter\View\View->render('v_template_back_end', [], true)
 9 APPPATH\Controllers\Wilayah.php(34): view('v_template_back_end', [...])
10 SYSTEMPATH\CodeIgniter.php(902): App\Controllers\Wilayah->Input()
11 SYSTEMPATH\CodeIgniter.php(457): CodeIgniter\CodeIgniter->runController(Object(App\Controllers\Wilayah))
12 SYSTEMPATH\CodeIgniter.php(340): CodeIgniter\CodeIgniter->handleRequest(null, Object(Config\Cache), false)
13 FCPATH\index.php(67): CodeIgniter\CodeIgniter->run()
CRITICAL - 2024-02-28 04:59:23 --> Undefined variable $copyright
in APPPATH\Views\v_template_back_end.php on line 227.
 1 APPPATH\Views\v_template_back_end.php(227): CodeIgniter\Debug\Exceptions->errorHandler(2, 'Undefined variable $copyright', 'APPPATH\\Views\\v_template_back_end.php', 227)
 2 SYSTEMPATH\View\View.php(213): include('APPPATH\\Views\\v_template_back_end.php')
 3 SYSTEMPATH\View\View.php(216): CodeIgniter\View\View->CodeIgniter\View\{closure}()
 4 SYSTEMPATH\Common.php(1142): CodeIgniter\View\View->render('v_template_back_end', [], true)
 5 APPPATH\Controllers\Wilayah.php(34): view('v_template_back_end', [...])
 6 SYSTEMPATH\CodeIgniter.php(902): App\Controllers\Wilayah->Input()
 7 SYSTEMPATH\CodeIgniter.php(457): CodeIgniter\CodeIgniter->runController(Object(App\Controllers\Wilayah))
 8 SYSTEMPATH\CodeIgniter.php(340): CodeIgniter\CodeIgniter->handleRequest(null, Object(Config\Cache), false)
 9 FCPATH\index.php(67): CodeIgniter\CodeIgniter->run()
CRITICAL - 2024-02-28 04:59:24 --> Undefined variable $copyright
in APPPATH\Views\v_template_back_end.php on line 227.
 1 APPPATH\Views\v_template_back_end.php(227): CodeIgniter\Debug\Exceptions->errorHandler(2, 'Undefined variable $copyright', 'APPPATH\\Views\\v_template_back_end.php', 227)
 2 SYSTEMPATH\View\View.php(213): include('APPPATH\\Views\\v_template_back_end.php')
 3 SYSTEMPATH\View\View.php(216): CodeIgniter\View\View->CodeIgniter\View\{closure}()
 4 SYSTEMPATH\Common.php(1142): CodeIgniter\View\View->render('v_template_back_end', [], true)
 5 APPPATH\Controllers\Wilayah.php(34): view('v_template_back_end', [...])
 6 SYSTEMPATH\CodeIgniter.php(902): App\Controllers\Wilayah->Input()
 7 SYSTEMPATH\CodeIgniter.php(457): CodeIgniter\CodeIgniter->runController(Object(App\Controllers\Wilayah))
 8 SYSTEMPATH\CodeIgniter.php(340): CodeIgniter\CodeIgniter->handleRequest(null, Object(Config\Cache), false)
 9 FCPATH\index.php(67): CodeIgniter\CodeIgniter->run()
CRITICAL - 2024-02-28 04:59:24 --> Undefined variable $copyright
in APPPATH\Views\v_template_back_end.php on line 227.
 1 APPPATH\Views\v_template_back_end.php(227): CodeIgniter\Debug\Exceptions->errorHandler(2, 'Undefined variable $copyright', 'APPPATH\\Views\\v_template_back_end.php', 227)
 2 SYSTEMPATH\View\View.php(213): include('APPPATH\\Views\\v_template_back_end.php')
 3 SYSTEMPATH\View\View.php(216): CodeIgniter\View\View->CodeIgniter\View\{closure}()
 4 SYSTEMPATH\Common.php(1142): CodeIgniter\View\View->render('v_template_back_end', [], true)
 5 APPPATH\Controllers\Wilayah.php(34): view('v_template_back_end', [...])
 6 SYSTEMPATH\CodeIgniter.php(902): App\Controllers\Wilayah->Input()
 7 SYSTEMPATH\CodeIgniter.php(457): CodeIgniter\CodeIgniter->runController(Object(App\Controllers\Wilayah))
 8 SYSTEMPATH\CodeIgniter.php(340): CodeIgniter\CodeIgniter->handleRequest(null, Object(Config\Cache), false)
 9 FCPATH\index.php(67): CodeIgniter\CodeIgniter->run()
CRITICAL - 2024-02-28 04:59:25 --> Undefined variable $copyright
in APPPATH\Views\v_template_back_end.php on line 227.
 1 APPPATH\Views\v_template_back_end.php(227): CodeIgniter\Debug\Exceptions->errorHandler(2, 'Undefined variable $copyright', 'APPPATH\\Views\\v_template_back_end.php', 227)
 2 SYSTEMPATH\View\View.php(213): include('APPPATH\\Views\\v_template_back_end.php')
 3 SYSTEMPATH\View\View.php(216): CodeIgniter\View\View->CodeIgniter\View\{closure}()
 4 SYSTEMPATH\Common.php(1142): CodeIgniter\View\View->render('v_template_back_end', [], true)
 5 APPPATH\Controllers\Wilayah.php(34): view('v_template_back_end', [...])
 6 SYSTEMPATH\CodeIgniter.php(902): App\Controllers\Wilayah->Input()
 7 SYSTEMPATH\CodeIgniter.php(457): CodeIgniter\CodeIgniter->runController(Object(App\Controllers\Wilayah))
 8 SYSTEMPATH\CodeIgniter.php(340): CodeIgniter\CodeIgniter->handleRequest(null, Object(Config\Cache), false)
 9 FCPATH\index.php(67): CodeIgniter\CodeIgniter->run()
CRITICAL - 2024-02-28 04:59:30 --> Undefined variable $copyright
in APPPATH\Views\v_template_back_end.php on line 227.
 1 APPPATH\Views\v_template_back_end.php(227): CodeIgniter\Debug\Exceptions->errorHandler(2, 'Undefined variable $copyright', 'APPPATH\\Views\\v_template_back_end.php', 227)
 2 SYSTEMPATH\View\View.php(213): include('APPPATH\\Views\\v_template_back_end.php')
 3 SYSTEMPATH\View\View.php(216): CodeIgniter\View\View->CodeIgniter\View\{closure}()
 4 SYSTEMPATH\Common.php(1142): CodeIgniter\View\View->render('v_template_back_end', [], true)
 5 APPPATH\Controllers\Wilayah.php(34): view('v_template_back_end', [...])
 6 SYSTEMPATH\CodeIgniter.php(902): App\Controllers\Wilayah->Input()
 7 SYSTEMPATH\CodeIgniter.php(457): CodeIgniter\CodeIgniter->runController(Object(App\Controllers\Wilayah))
 8 SYSTEMPATH\CodeIgniter.php(340): CodeIgniter\CodeIgniter->handleRequest(null, Object(Config\Cache), false)
 9 FCPATH\index.php(67): CodeIgniter\CodeIgniter->run()
CRITICAL - 2024-02-28 05:06:37 --> Undefined variable $copyright
in APPPATH\Views\v_template_back_end.php on line 227.
 1 APPPATH\Views\v_template_back_end.php(227): CodeIgniter\Debug\Exceptions->errorHandler(2, 'Undefined variable $copyright', 'APPPATH\\Views\\v_template_back_end.php', 227)
 2 SYSTEMPATH\View\View.php(213): include('APPPATH\\Views\\v_template_back_end.php')
 3 SYSTEMPATH\View\View.php(216): CodeIgniter\View\View->CodeIgniter\View\{closure}()
 4 SYSTEMPATH\Common.php(1142): CodeIgniter\View\View->render('v_template_back_end', [], true)
 5 APPPATH\Controllers\Wilayah.php(33): view('v_template_back_end', [...])
 6 SYSTEMPATH\CodeIgniter.php(902): App\Controllers\Wilayah->Input()
 7 SYSTEMPATH\CodeIgniter.php(457): CodeIgniter\CodeIgniter->runController(Object(App\Controllers\Wilayah))
 8 SYSTEMPATH\CodeIgniter.php(340): CodeIgniter\CodeIgniter->handleRequest(null, Object(Config\Cache), false)
 9 FCPATH\index.php(67): CodeIgniter\CodeIgniter->run()
CRITICAL - 2024-02-28 05:06:39 --> Undefined variable $copyright
in APPPATH\Views\v_template_back_end.php on line 227.
 1 APPPATH\Views\v_template_back_end.php(227): CodeIgniter\Debug\Exceptions->errorHandler(2, 'Undefined variable $copyright', 'APPPATH\\Views\\v_template_back_end.php', 227)
 2 SYSTEMPATH\View\View.php(213): include('APPPATH\\Views\\v_template_back_end.php')
 3 SYSTEMPATH\View\View.php(216): CodeIgniter\View\View->CodeIgniter\View\{closure}()
 4 SYSTEMPATH\Common.php(1142): CodeIgniter\View\View->render('v_template_back_end', [], true)
 5 APPPATH\Controllers\Wilayah.php(24): view('v_template_back_end', [...])
 6 SYSTEMPATH\CodeIgniter.php(902): App\Controllers\Wilayah->index()
 7 SYSTEMPATH\CodeIgniter.php(457): CodeIgniter\CodeIgniter->runController(Object(App\Controllers\Wilayah))
 8 SYSTEMPATH\CodeIgniter.php(340): CodeIgniter\CodeIgniter->handleRequest(null, Object(Config\Cache), false)
 9 FCPATH\index.php(67): CodeIgniter\CodeIgniter->run()
CRITICAL - 2024-02-28 05:06:41 --> Undefined variable $copyright
in APPPATH\Views\v_template_back_end.php on line 227.
 1 APPPATH\Views\v_template_back_end.php(227): CodeIgniter\Debug\Exceptions->errorHandler(2, 'Undefined variable $copyright', 'APPPATH\\Views\\v_template_back_end.php', 227)
 2 SYSTEMPATH\View\View.php(213): include('APPPATH\\Views\\v_template_back_end.php')
 3 SYSTEMPATH\View\View.php(216): CodeIgniter\View\View->CodeIgniter\View\{closure}()
 4 SYSTEMPATH\Common.php(1142): CodeIgniter\View\View->render('v_template_back_end', [], true)
 5 APPPATH\Controllers\Wilayah.php(24): view('v_template_back_end', [...])
 6 SYSTEMPATH\CodeIgniter.php(902): App\Controllers\Wilayah->index()
 7 SYSTEMPATH\CodeIgniter.php(457): CodeIgniter\CodeIgniter->runController(Object(App\Controllers\Wilayah))
 8 SYSTEMPATH\CodeIgniter.php(340): CodeIgniter\CodeIgniter->handleRequest(null, Object(Config\Cache), false)
 9 FCPATH\index.php(67): CodeIgniter\CodeIgniter->run()
CRITICAL - 2024-02-28 05:06:41 --> Undefined variable $copyright
in APPPATH\Views\v_template_back_end.php on line 227.
 1 APPPATH\Views\v_template_back_end.php(227): CodeIgniter\Debug\Exceptions->errorHandler(2, 'Undefined variable $copyright', 'APPPATH\\Views\\v_template_back_end.php', 227)
 2 SYSTEMPATH\View\View.php(213): include('APPPATH\\Views\\v_template_back_end.php')
 3 SYSTEMPATH\View\View.php(216): CodeIgniter\View\View->CodeIgniter\View\{closure}()
 4 SYSTEMPATH\Common.php(1142): CodeIgniter\View\View->render('v_template_back_end', [], true)
 5 APPPATH\Controllers\Wilayah.php(24): view('v_template_back_end', [...])
 6 SYSTEMPATH\CodeIgniter.php(902): App\Controllers\Wilayah->index()
 7 SYSTEMPATH\CodeIgniter.php(457): CodeIgniter\CodeIgniter->runController(Object(App\Controllers\Wilayah))
 8 SYSTEMPATH\CodeIgniter.php(340): CodeIgniter\CodeIgniter->handleRequest(null, Object(Config\Cache), false)
 9 FCPATH\index.php(67): CodeIgniter\CodeIgniter->run()
CRITICAL - 2024-02-28 05:06:42 --> Undefined variable $copyright
in APPPATH\Views\v_template_back_end.php on line 227.
 1 APPPATH\Views\v_template_back_end.php(227): CodeIgniter\Debug\Exceptions->errorHandler(2, 'Undefined variable $copyright', 'APPPATH\\Views\\v_template_back_end.php', 227)
 2 SYSTEMPATH\View\View.php(213): include('APPPATH\\Views\\v_template_back_end.php')
 3 SYSTEMPATH\View\View.php(216): CodeIgniter\View\View->CodeIgniter\View\{closure}()
 4 SYSTEMPATH\Common.php(1142): CodeIgniter\View\View->render('v_template_back_end', [], true)
 5 APPPATH\Controllers\Wilayah.php(24): view('v_template_back_end', [...])
 6 SYSTEMPATH\CodeIgniter.php(902): App\Controllers\Wilayah->index()
 7 SYSTEMPATH\CodeIgniter.php(457): CodeIgniter\CodeIgniter->runController(Object(App\Controllers\Wilayah))
 8 SYSTEMPATH\CodeIgniter.php(340): CodeIgniter\CodeIgniter->handleRequest(null, Object(Config\Cache), false)
 9 FCPATH\index.php(67): CodeIgniter\CodeIgniter->run()
CRITICAL - 2024-02-28 05:06:44 --> Undefined variable $copyright
in APPPATH\Views\v_template_back_end.php on line 227.
 1 APPPATH\Views\v_template_back_end.php(227): CodeIgniter\Debug\Exceptions->errorHandler(2, 'Undefined variable $copyright', 'APPPATH\\Views\\v_template_back_end.php', 227)
 2 SYSTEMPATH\View\View.php(213): include('APPPATH\\Views\\v_template_back_end.php')
 3 SYSTEMPATH\View\View.php(216): CodeIgniter\View\View->CodeIgniter\View\{closure}()
 4 SYSTEMPATH\Common.php(1142): CodeIgniter\View\View->render('v_template_back_end', [], true)
 5 APPPATH\Controllers\Wilayah.php(24): view('v_template_back_end', [...])
 6 SYSTEMPATH\CodeIgniter.php(902): App\Controllers\Wilayah->index()
 7 SYSTEMPATH\CodeIgniter.php(457): CodeIgniter\CodeIgniter->runController(Object(App\Controllers\Wilayah))
 8 SYSTEMPATH\CodeIgniter.php(340): CodeIgniter\CodeIgniter->handleRequest(null, Object(Config\Cache), false)
 9 FCPATH\index.php(67): CodeIgniter\CodeIgniter->run()
CRITICAL - 2024-02-28 09:42:40 --> Creation of dynamic property App\Controllers\Admin::$ModelSetting is deprecated
in APPPATH\Controllers\Admin.php on line 11.
 1 APPPATH\Controllers\Admin.php(11): CodeIgniter\Debug\Exceptions->errorHandler(8192, 'Creation of dynamic property App\\Controllers\\Admin::$ModelSetting is deprecated', 'APPPATH\\Controllers\\Admin.php', 11)
 2 SYSTEMPATH\CodeIgniter.php(864): App\Controllers\Admin->__construct()
 3 SYSTEMPATH\CodeIgniter.php(448): CodeIgniter\CodeIgniter->createController()
 4 SYSTEMPATH\CodeIgniter.php(340): CodeIgniter\CodeIgniter->handleRequest(null, Object(Config\Cache), false)
 5 FCPATH\index.php(67): CodeIgniter\CodeIgniter->run()
CRITICAL - 2024-02-28 09:42:47 --> Creation of dynamic property App\Controllers\Admin::$ModelSetting is deprecated
in APPPATH\Controllers\Admin.php on line 11.
 1 APPPATH\Controllers\Admin.php(11): CodeIgniter\Debug\Exceptions->errorHandler(8192, 'Creation of dynamic property App\\Controllers\\Admin::$ModelSetting is deprecated', 'APPPATH\\Controllers\\Admin.php', 11)
 2 SYSTEMPATH\CodeIgniter.php(864): App\Controllers\Admin->__construct()
 3 SYSTEMPATH\CodeIgniter.php(448): CodeIgniter\CodeIgniter->createController()
 4 SYSTEMPATH\CodeIgniter.php(340): CodeIgniter\CodeIgniter->handleRequest(null, Object(Config\Cache), false)
 5 FCPATH\index.php(67): CodeIgniter\CodeIgniter->run()
CRITICAL - 2024-02-28 09:43:03 --> Creation of dynamic property App\Controllers\Admin::$ModelSetting is deprecated
in APPPATH\Controllers\Admin.php on line 11.
 1 APPPATH\Controllers\Admin.php(11): CodeIgniter\Debug\Exceptions->errorHandler(8192, 'Creation of dynamic property App\\Controllers\\Admin::$ModelSetting is deprecated', 'APPPATH\\Controllers\\Admin.php', 11)
 2 SYSTEMPATH\CodeIgniter.php(864): App\Controllers\Admin->__construct()
 3 SYSTEMPATH\CodeIgniter.php(448): CodeIgniter\CodeIgniter->createController()
 4 SYSTEMPATH\CodeIgniter.php(340): CodeIgniter\CodeIgniter->handleRequest(null, Object(Config\Cache), false)
 5 FCPATH\index.php(67): CodeIgniter\CodeIgniter->run()
CRITICAL - 2024-02-28 09:47:27 --> Invalid file: infotoko/v_uv_index.php
in SYSTEMPATH\Exceptions\FrameworkException.php on line 33.
 1 SYSTEMPATH\View\View.php(201): CodeIgniter\Exceptions\FrameworkException::forInvalidFile('infotoko/v_uv_index.php')
 2 SYSTEMPATH\Common.php(1142): CodeIgniter\View\View->render('infotoko/v_uv_index', [], true)
 3 APPPATH\Views\v_template_back_end.php(203): view('infotoko/v_uv_index')
 4 SYSTEMPATH\View\View.php(213): include('APPPATH\\Views\\v_template_back_end.php')
 5 SYSTEMPATH\View\View.php(216): CodeIgniter\View\View->CodeIgniter\View\{closure}()
 6 SYSTEMPATH\Common.php(1142): CodeIgniter\View\View->render('v_template_back_end', [], true)
 7 APPPATH\Controllers\InfoToko.php(16): view('v_template_back_end', [...])
 8 SYSTEMPATH\CodeIgniter.php(902): App\Controllers\InfoToko->index()
 9 SYSTEMPATH\CodeIgniter.php(457): CodeIgniter\CodeIgniter->runController(Object(App\Controllers\InfoToko))
10 SYSTEMPATH\CodeIgniter.php(340): CodeIgniter\CodeIgniter->handleRequest(null, Object(Config\Cache), false)
11 FCPATH\index.php(67): CodeIgniter\CodeIgniter->run()
