CRITICAL - 2024-03-01 09:07:59 --> unlink(C:\xampp\htdocs\webgis\public/marker/signature.png): No such file or directory
in APPPATH\Controllers\Toko.php on line 129.
 1 [internal function]: CodeIgniter\Debug\Exceptions->errorHandler(2, 'unlink(C:\\xampp\\htdocs\\webgis\\public/marker/signature.png): No such file or directory', 'APPPATH\\Controllers\\Toko.php', 129)
 2 APPPATH\Controllers\Toko.php(129): unlink('ROOTPATH\\public/marker/signature.png')
 3 SYSTEMPATH\CodeIgniter.php(902): App\Controllers\Toko->UpdateData('7')
 4 SYSTEMPATH\CodeIgniter.php(457): CodeIgniter\CodeIgniter->runController(Object(App\Controllers\Toko))
 5 SYSTEMPATH\CodeIgniter.php(340): CodeIgniter\CodeIgniter->handleRequest(null, Object(Config\Cache), false)
 6 FCPATH\index.php(67): CodeIgniter\CodeIgniter->run()
CRITICAL - 2024-03-01 09:08:40 --> unlink(C:\xampp\htdocs\webgis\public/marker/signature.png): No such file or directory
in APPPATH\Controllers\Toko.php on line 129.
 1 [internal function]: CodeIgniter\Debug\Exceptions->errorHandler(2, 'unlink(C:\\xampp\\htdocs\\webgis\\public/marker/signature.png): No such file or directory', 'APPPATH\\Controllers\\Toko.php', 129)
 2 APPPATH\Controllers\Toko.php(129): unlink('ROOTPATH\\public/marker/signature.png')
 3 SYSTEMPATH\CodeIgniter.php(902): App\Controllers\Toko->UpdateData('7')
 4 SYSTEMPATH\CodeIgniter.php(457): CodeIgniter\CodeIgniter->runController(Object(App\Controllers\Toko))
 5 SYSTEMPATH\CodeIgniter.php(340): CodeIgniter\CodeIgniter->handleRequest(null, Object(Config\Cache), false)
 6 FCPATH\index.php(67): CodeIgniter\CodeIgniter->run()
CRITICAL - 2024-03-01 09:11:29 --> Call to undefined method CodeIgniter\HTTP\Files\UploadedFile::isImage()
in APPPATH\Controllers\Toko.php on line 116.
 1 SYSTEMPATH\CodeIgniter.php(902): App\Controllers\Toko->UpdateData('7')
 2 SYSTEMPATH\CodeIgniter.php(457): CodeIgniter\CodeIgniter->runController(Object(App\Controllers\Toko))
 3 SYSTEMPATH\CodeIgniter.php(340): CodeIgniter\CodeIgniter->handleRequest(null, Object(Config\Cache), false)
 4 FCPATH\index.php(67): CodeIgniter\CodeIgniter->run()
CRITICAL - 2024-03-01 09:13:07 --> unlink(C:\xampp\htdocs\webgis\public/marker/signature.png): No such file or directory
in APPPATH\Controllers\Toko.php on line 129.
 1 [internal function]: CodeIgniter\Debug\Exceptions->errorHandler(2, 'unlink(C:\\xampp\\htdocs\\webgis\\public/marker/signature.png): No such file or directory', 'APPPATH\\Controllers\\Toko.php', 129)
 2 APPPATH\Controllers\Toko.php(129): unlink('ROOTPATH\\public/marker/signature.png')
 3 SYSTEMPATH\CodeIgniter.php(902): App\Controllers\Toko->UpdateData('7')
 4 SYSTEMPATH\CodeIgniter.php(457): CodeIgniter\CodeIgniter->runController(Object(App\Controllers\Toko))
 5 SYSTEMPATH\CodeIgniter.php(340): CodeIgniter\CodeIgniter->handleRequest(null, Object(Config\Cache), false)
 6 FCPATH\index.php(67): CodeIgniter\CodeIgniter->run()
CRITICAL - 2024-03-01 09:13:17 --> unlink(C:\xampp\htdocs\webgis\public/marker/signature.png): No such file or directory
in APPPATH\Controllers\Toko.php on line 129.
 1 [internal function]: CodeIgniter\Debug\Exceptions->errorHandler(2, 'unlink(C:\\xampp\\htdocs\\webgis\\public/marker/signature.png): No such file or directory', 'APPPATH\\Controllers\\Toko.php', 129)
 2 APPPATH\Controllers\Toko.php(129): unlink('ROOTPATH\\public/marker/signature.png')
 3 SYSTEMPATH\CodeIgniter.php(902): App\Controllers\Toko->UpdateData('7')
 4 SYSTEMPATH\CodeIgniter.php(457): CodeIgniter\CodeIgniter->runController(Object(App\Controllers\Toko))
 5 SYSTEMPATH\CodeIgniter.php(340): CodeIgniter\CodeIgniter->handleRequest(null, Object(Config\Cache), false)
 6 FCPATH\index.php(67): CodeIgniter\CodeIgniter->run()
CRITICAL - 2024-03-01 09:18:36 --> Call to undefined method CodeIgniter\Files\File::exists()
in APPPATH\Controllers\Toko.php on line 155.
 1 SYSTEMPATH\CodeIgniter.php(902): App\Controllers\Toko->Delete('12')
 2 SYSTEMPATH\CodeIgniter.php(457): CodeIgniter\CodeIgniter->runController(Object(App\Controllers\Toko))
 3 SYSTEMPATH\CodeIgniter.php(340): CodeIgniter\CodeIgniter->handleRequest(null, Object(Config\Cache), false)
 4 FCPATH\index.php(67): CodeIgniter\CodeIgniter->run()
CRITICAL - 2024-03-01 09:19:45 --> Call to undefined method CodeIgniter\Files\File::exists()
in APPPATH\Controllers\Toko.php on line 155.
 1 SYSTEMPATH\CodeIgniter.php(902): App\Controllers\Toko->Delete('12')
 2 SYSTEMPATH\CodeIgniter.php(457): CodeIgniter\CodeIgniter->runController(Object(App\Controllers\Toko))
 3 SYSTEMPATH\CodeIgniter.php(340): CodeIgniter\CodeIgniter->handleRequest(null, Object(Config\Cache), false)
 4 FCPATH\index.php(67): CodeIgniter\CodeIgniter->run()
CRITICAL - 2024-03-01 09:19:46 --> Call to undefined method CodeIgniter\Files\File::exists()
in APPPATH\Controllers\Toko.php on line 155.
 1 SYSTEMPATH\CodeIgniter.php(902): App\Controllers\Toko->Delete('12')
 2 SYSTEMPATH\CodeIgniter.php(457): CodeIgniter\CodeIgniter->runController(Object(App\Controllers\Toko))
 3 SYSTEMPATH\CodeIgniter.php(340): CodeIgniter\CodeIgniter->handleRequest(null, Object(Config\Cache), false)
 4 FCPATH\index.php(67): CodeIgniter\CodeIgniter->run()
CRITICAL - 2024-03-01 09:19:46 --> Call to undefined method CodeIgniter\Files\File::exists()
in APPPATH\Controllers\Toko.php on line 155.
 1 SYSTEMPATH\CodeIgniter.php(902): App\Controllers\Toko->Delete('12')
 2 SYSTEMPATH\CodeIgniter.php(457): CodeIgniter\CodeIgniter->runController(Object(App\Controllers\Toko))
 3 SYSTEMPATH\CodeIgniter.php(340): CodeIgniter\CodeIgniter->handleRequest(null, Object(Config\Cache), false)
 4 FCPATH\index.php(67): CodeIgniter\CodeIgniter->run()
CRITICAL - 2024-03-01 09:22:48 --> Creation of dynamic property App\Controllers\Toko::$ModelToko is deprecated
in APPPATH\Controllers\Toko.php on line 12.
 1 APPPATH\Controllers\Toko.php(12): CodeIgniter\Debug\Exceptions->errorHandler(8192, 'Creation of dynamic property App\\Controllers\\Toko::$ModelToko is deprecated', 'APPPATH\\Controllers\\Toko.php', 12)
 2 SYSTEMPATH\CodeIgniter.php(864): App\Controllers\Toko->__construct()
 3 SYSTEMPATH\CodeIgniter.php(448): CodeIgniter\CodeIgniter->createController()
 4 SYSTEMPATH\CodeIgniter.php(340): CodeIgniter\CodeIgniter->handleRequest(null, Object(Config\Cache), false)
 5 FCPATH\index.php(67): CodeIgniter\CodeIgniter->run()
CRITICAL - 2024-03-01 09:52:09 --> Undefined variable $toko
in APPPATH\Views\toko\v_input.php on line 13.
 1 APPPATH\Views\toko\v_input.php(13): CodeIgniter\Debug\Exceptions->errorHandler(2, 'Undefined variable $toko', 'APPPATH\\Views\\toko\\v_input.php', 13)
 2 SYSTEMPATH\View\View.php(213): include('APPPATH\\Views\\toko\\v_input.php')
 3 SYSTEMPATH\View\View.php(216): CodeIgniter\View\View->CodeIgniter\View\{closure}()
 4 SYSTEMPATH\Common.php(1142): CodeIgniter\View\View->render('toko/v_input', [], true)
 5 APPPATH\Views\v_template_back_end.php(203): view('toko/v_input')
 6 SYSTEMPATH\View\View.php(213): include('APPPATH\\Views\\v_template_back_end.php')
 7 SYSTEMPATH\View\View.php(216): CodeIgniter\View\View->CodeIgniter\View\{closure}()
 8 SYSTEMPATH\Common.php(1142): CodeIgniter\View\View->render('v_template_back_end', [], true)
 9 APPPATH\Controllers\Toko.php(33): view('v_template_back_end', [...])
10 SYSTEMPATH\CodeIgniter.php(902): App\Controllers\Toko->Input()
11 SYSTEMPATH\CodeIgniter.php(457): CodeIgniter\CodeIgniter->runController(Object(App\Controllers\Toko))
12 SYSTEMPATH\CodeIgniter.php(340): CodeIgniter\CodeIgniter->handleRequest(null, Object(Config\Cache), false)
13 FCPATH\index.php(67): CodeIgniter\CodeIgniter->run()
CRITICAL - 2024-03-01 09:53:08 --> Undefined variable $toko
in APPPATH\Views\toko\v_input.php on line 25.
 1 APPPATH\Views\toko\v_input.php(25): CodeIgniter\Debug\Exceptions->errorHandler(2, 'Undefined variable $toko', 'APPPATH\\Views\\toko\\v_input.php', 25)
 2 SYSTEMPATH\View\View.php(213): include('APPPATH\\Views\\toko\\v_input.php')
 3 SYSTEMPATH\View\View.php(216): CodeIgniter\View\View->CodeIgniter\View\{closure}()
 4 SYSTEMPATH\Common.php(1142): CodeIgniter\View\View->render('toko/v_input', [], true)
 5 APPPATH\Views\v_template_back_end.php(203): view('toko/v_input')
 6 SYSTEMPATH\View\View.php(213): include('APPPATH\\Views\\v_template_back_end.php')
 7 SYSTEMPATH\View\View.php(216): CodeIgniter\View\View->CodeIgniter\View\{closure}()
 8 SYSTEMPATH\Common.php(1142): CodeIgniter\View\View->render('v_template_back_end', [], true)
 9 APPPATH\Controllers\Toko.php(33): view('v_template_back_end', [...])
10 SYSTEMPATH\CodeIgniter.php(902): App\Controllers\Toko->Input()
11 SYSTEMPATH\CodeIgniter.php(457): CodeIgniter\CodeIgniter->runController(Object(App\Controllers\Toko))
12 SYSTEMPATH\CodeIgniter.php(340): CodeIgniter\CodeIgniter->handleRequest(null, Object(Config\Cache), false)
13 FCPATH\index.php(67): CodeIgniter\CodeIgniter->run()
CRITICAL - 2024-03-01 10:38:32 --> Undefined array key "koordinat"
in APPPATH\Views\v_home.php on line 30.
 1 APPPATH\Views\v_home.php(30): CodeIgniter\Debug\Exceptions->errorHandler(2, 'Undefined array key "koordinat"', 'APPPATH\\Views\\v_home.php', 30)
 2 SYSTEMPATH\View\View.php(213): include('APPPATH\\Views\\v_home.php')
 3 SYSTEMPATH\View\View.php(216): CodeIgniter\View\View->CodeIgniter\View\{closure}()
 4 SYSTEMPATH\Common.php(1142): CodeIgniter\View\View->render('v_home', [], true)
 5 APPPATH\Views\v_template_front_end.php(151): view('v_home')
 6 SYSTEMPATH\View\View.php(213): include('APPPATH\\Views\\v_template_front_end.php')
 7 SYSTEMPATH\View\View.php(216): CodeIgniter\View\View->CodeIgniter\View\{closure}()
 8 SYSTEMPATH\Common.php(1142): CodeIgniter\View\View->render('v_template_front_end', [], true)
 9 APPPATH\Controllers\Home.php(18): view('v_template_front_end', [...])
10 SYSTEMPATH\CodeIgniter.php(902): App\Controllers\Home->index()
11 SYSTEMPATH\CodeIgniter.php(457): CodeIgniter\CodeIgniter->runController(Object(App\Controllers\Home))
12 SYSTEMPATH\CodeIgniter.php(340): CodeIgniter\CodeIgniter->handleRequest(null, Object(Config\Cache), false)
13 FCPATH\index.php(67): CodeIgniter\CodeIgniter->run()
CRITICAL - 2024-03-01 10:38:34 --> Undefined array key "koordinat"
in APPPATH\Views\v_home.php on line 30.
 1 APPPATH\Views\v_home.php(30): CodeIgniter\Debug\Exceptions->errorHandler(2, 'Undefined array key "koordinat"', 'APPPATH\\Views\\v_home.php', 30)
 2 SYSTEMPATH\View\View.php(213): include('APPPATH\\Views\\v_home.php')
 3 SYSTEMPATH\View\View.php(216): CodeIgniter\View\View->CodeIgniter\View\{closure}()
 4 SYSTEMPATH\Common.php(1142): CodeIgniter\View\View->render('v_home', [], true)
 5 APPPATH\Views\v_template_front_end.php(151): view('v_home')
 6 SYSTEMPATH\View\View.php(213): include('APPPATH\\Views\\v_template_front_end.php')
 7 SYSTEMPATH\View\View.php(216): CodeIgniter\View\View->CodeIgniter\View\{closure}()
 8 SYSTEMPATH\Common.php(1142): CodeIgniter\View\View->render('v_template_front_end', [], true)
 9 APPPATH\Controllers\Home.php(18): view('v_template_front_end', [...])
10 SYSTEMPATH\CodeIgniter.php(902): App\Controllers\Home->index()
11 SYSTEMPATH\CodeIgniter.php(457): CodeIgniter\CodeIgniter->runController(Object(App\Controllers\Home))
12 SYSTEMPATH\CodeIgniter.php(340): CodeIgniter\CodeIgniter->handleRequest(null, Object(Config\Cache), false)
13 FCPATH\index.php(67): CodeIgniter\CodeIgniter->run()
CRITICAL - 2024-03-01 11:09:08 --> Undefined property: App\Controllers\InfoToko::$ModelInfotoko
in APPPATH\Controllers\InfoToko.php on line 25.
 1 APPPATH\Controllers\InfoToko.php(25): CodeIgniter\Debug\Exceptions->errorHandler(2, 'Undefined property: App\\Controllers\\InfoToko::$ModelInfotoko', 'APPPATH\\Controllers\\InfoToko.php', 25)
 2 SYSTEMPATH\CodeIgniter.php(902): App\Controllers\InfoToko->index()
 3 SYSTEMPATH\CodeIgniter.php(457): CodeIgniter\CodeIgniter->runController(Object(App\Controllers\InfoToko))
 4 SYSTEMPATH\CodeIgniter.php(340): CodeIgniter\CodeIgniter->handleRequest(null, Object(Config\Cache), false)
 5 FCPATH\index.php(67): CodeIgniter\CodeIgniter->run()
CRITICAL - 2024-03-01 11:09:19 --> Undefined property: App\Controllers\InfoToko::$ModelInfotoko
in APPPATH\Controllers\InfoToko.php on line 25.
 1 APPPATH\Controllers\InfoToko.php(25): CodeIgniter\Debug\Exceptions->errorHandler(2, 'Undefined property: App\\Controllers\\InfoToko::$ModelInfotoko', 'APPPATH\\Controllers\\InfoToko.php', 25)
 2 SYSTEMPATH\CodeIgniter.php(902): App\Controllers\InfoToko->index()
 3 SYSTEMPATH\CodeIgniter.php(457): CodeIgniter\CodeIgniter->runController(Object(App\Controllers\InfoToko))
 4 SYSTEMPATH\CodeIgniter.php(340): CodeIgniter\CodeIgniter->handleRequest(null, Object(Config\Cache), false)
 5 FCPATH\index.php(67): CodeIgniter\CodeIgniter->run()
CRITICAL - 2024-03-01 11:11:13 --> Undefined property: App\Controllers\InfoToko::$ModelInfoToko
in APPPATH\Controllers\InfoToko.php on line 25.
 1 APPPATH\Controllers\InfoToko.php(25): CodeIgniter\Debug\Exceptions->errorHandler(2, 'Undefined property: App\\Controllers\\InfoToko::$ModelInfoToko', 'APPPATH\\Controllers\\InfoToko.php', 25)
 2 SYSTEMPATH\CodeIgniter.php(902): App\Controllers\InfoToko->index()
 3 SYSTEMPATH\CodeIgniter.php(457): CodeIgniter\CodeIgniter->runController(Object(App\Controllers\InfoToko))
 4 SYSTEMPATH\CodeIgniter.php(340): CodeIgniter\CodeIgniter->handleRequest(null, Object(Config\Cache), false)
 5 FCPATH\index.php(67): CodeIgniter\CodeIgniter->run()
CRITICAL - 2024-03-01 11:11:13 --> Undefined property: App\Controllers\InfoToko::$ModelInfoToko
in APPPATH\Controllers\InfoToko.php on line 25.
 1 APPPATH\Controllers\InfoToko.php(25): CodeIgniter\Debug\Exceptions->errorHandler(2, 'Undefined property: App\\Controllers\\InfoToko::$ModelInfoToko', 'APPPATH\\Controllers\\InfoToko.php', 25)
 2 SYSTEMPATH\CodeIgniter.php(902): App\Controllers\InfoToko->index()
 3 SYSTEMPATH\CodeIgniter.php(457): CodeIgniter\CodeIgniter->runController(Object(App\Controllers\InfoToko))
 4 SYSTEMPATH\CodeIgniter.php(340): CodeIgniter\CodeIgniter->handleRequest(null, Object(Config\Cache), false)
 5 FCPATH\index.php(67): CodeIgniter\CodeIgniter->run()
